{"/Users/javier/Documents/Develop/naenie/tests/emisor.test.ts":{"path":"/Users/javier/Documents/Develop/naenie/tests/emisor.test.ts","statementMap":{"0":{"start":{"line":2,"column":0},"end":{"line":2,"column":62}},"1":{"start":{"line":3,"column":17},"end":{"line":3,"column":46}},"2":{"start":{"line":4,"column":15},"end":{"line":4,"column":40}},"3":{"start":{"line":5,"column":0},"end":{"line":5,"column":20}},"4":{"start":{"line":6,"column":0},"end":{"line":6,"column":27}},"5":{"start":{"line":7,"column":0},"end":{"line":7,"column":36}},"6":{"start":{"line":8,"column":0},"end":{"line":8,"column":36}},"7":{"start":{"line":9,"column":0},"end":{"line":9,"column":28}},"8":{"start":{"line":10,"column":0},"end":{"line":10,"column":43}},"9":{"start":{"line":11,"column":0},"end":{"line":11,"column":43}},"10":{"start":{"line":12,"column":0},"end":{"line":12,"column":35}},"11":{"start":{"line":13,"column":0},"end":{"line":13,"column":23}},"12":{"start":{"line":14,"column":0},"end":{"line":14,"column":27}},"13":{"start":{"line":15,"column":0},"end":{"line":15,"column":36}},"14":{"start":{"line":16,"column":0},"end":{"line":16,"column":36}},"15":{"start":{"line":17,"column":0},"end":{"line":17,"column":28}},"16":{"start":{"line":18,"column":0},"end":{"line":18,"column":43}},"17":{"start":{"line":19,"column":0},"end":{"line":19,"column":43}},"18":{"start":{"line":20,"column":0},"end":{"line":20,"column":35}},"19":{"start":{"line":21,"column":0},"end":{"line":21,"column":23}},"20":{"start":{"line":22,"column":0},"end":{"line":22,"column":34}},"21":{"start":{"line":23,"column":0},"end":{"line":23,"column":21}}},"fnMap":{},"branchMap":{},"s":{"0":1,"1":1,"2":1,"3":1,"4":1,"5":1,"6":1,"7":1,"8":1,"9":1,"10":1,"11":1,"12":1,"13":1,"14":1,"15":1,"16":1,"17":1,"18":1,"19":1,"20":1,"21":1},"f":{},"b":{},"_coverageSchema":"43e27e138ebf9cfc5966b082cf9a028302ed4184","hash":"2b3af2d4ed7a620bb357d715fb5e7c2cbeebd608","contentHash":"8b17c4cd7c2a65c7cc571ffc74a1fdbf08dcea4069345add9c2bf334afd03b5a"},"/Users/javier/Documents/Develop/naenie/src/impl/emisor.ts":{"path":"/Users/javier/Documents/Develop/naenie/src/impl/emisor.ts","statementMap":{"0":{"start":{"line":2,"column":17},"end":{"line":7,"column":1}},"1":{"start":{"line":3,"column":12},"end":{"line":3,"column":28}},"2":{"start":{"line":3,"column":34},"end":{"line":3,"column":125}},"3":{"start":{"line":4,"column":4},"end":{"line":5,"column":150}},"4":{"start":{"line":4,"column":79},"end":{"line":4,"column":131}},"5":{"start":{"line":5,"column":9},"end":{"line":5,"column":150}},"6":{"start":{"line":5,"column":22},"end":{"line":5,"column":43}},"7":{"start":{"line":5,"column":58},"end":{"line":5,"column":150}},"8":{"start":{"line":5,"column":81},"end":{"line":5,"column":150}},"9":{"start":{"line":6,"column":4},"end":{"line":6,"column":66}},"10":{"start":{"line":8,"column":17},"end":{"line":10,"column":1}},"11":{"start":{"line":9,"column":4},"end":{"line":9,"column":109}},"12":{"start":{"line":9,"column":79},"end":{"line":9,"column":109}},"13":{"start":{"line":11,"column":0},"end":{"line":11,"column":62}},"14":{"start":{"line":12,"column":11},"end":{"line":12,"column":24}},"15":{"start":{"line":13,"column":20},"end":{"line":13,"column":40}},"16":{"start":{"line":14,"column":0},"end":{"line":14,"column":28}},"17":{"start":{"line":15,"column":0},"end":{"line":21,"column":2}},"18":{"start":{"line":22,"column":0},"end":{"line":43,"column":2}},"19":{"start":{"line":44,"column":0},"end":{"line":66,"column":2}},"20":{"start":{"line":67,"column":17},"end":{"line":116,"column":1}},"21":{"start":{"line":69,"column":8},"end":{"line":69,"column":24}},"22":{"start":{"line":72,"column":8},"end":{"line":72,"column":22}},"23":{"start":{"line":73,"column":8},"end":{"line":73,"column":34}},"24":{"start":{"line":76,"column":8},"end":{"line":76,"column":22}},"25":{"start":{"line":77,"column":8},"end":{"line":77,"column":34}},"26":{"start":{"line":80,"column":21},"end":{"line":80,"column":25}},"27":{"start":{"line":81,"column":8},"end":{"line":82,"column":27}},"28":{"start":{"line":81,"column":21},"end":{"line":81,"column":22}},"29":{"start":{"line":82,"column":12},"end":{"line":82,"column":27}},"30":{"start":{"line":83,"column":8},"end":{"line":83,"column":22}},"31":{"start":{"line":86,"column":8},"end":{"line":86,"column":42}},"32":{"start":{"line":89,"column":8},"end":{"line":89,"column":35}},"33":{"start":{"line":90,"column":8},"end":{"line":90,"column":21}},"34":{"start":{"line":93,"column":8},"end":{"line":93,"column":94}},"35":{"start":{"line":96,"column":8},"end":{"line":96,"column":67}},"36":{"start":{"line":99,"column":8},"end":{"line":99,"column":50}},"37":{"start":{"line":102,"column":8},"end":{"line":102,"column":51}},"38":{"start":{"line":105,"column":8},"end":{"line":105,"column":73}},"39":{"start":{"line":108,"column":8},"end":{"line":108,"column":32}},"40":{"start":{"line":109,"column":8},"end":{"line":110,"column":40}},"41":{"start":{"line":110,"column":12},"end":{"line":110,"column":40}},"42":{"start":{"line":111,"column":8},"end":{"line":111,"column":39}},"43":{"start":{"line":114,"column":8},"end":{"line":114,"column":35}},"44":{"start":{"line":117,"column":0},"end":{"line":119,"column":15}},"45":{"start":{"line":120,"column":0},"end":{"line":120,"column":32}},"46":{"start":{"line":121,"column":17},"end":{"line":137,"column":1}},"47":{"start":{"line":123,"column":21},"end":{"line":123,"column":28}},"48":{"start":{"line":124,"column":8},"end":{"line":124,"column":70}},"49":{"start":{"line":134,"column":8},"end":{"line":135,"column":34}},"50":{"start":{"line":135,"column":12},"end":{"line":135,"column":34}},"51":{"start":{"line":138,"column":0},"end":{"line":141,"column":44}},"52":{"start":{"line":142,"column":0},"end":{"line":144,"column":15}},"53":{"start":{"line":145,"column":0},"end":{"line":145,"column":32}}},"fnMap":{"0":{"name":"(anonymous_0)","decl":{"start":{"line":2,"column":46},"end":{"line":2,"column":47}},"loc":{"start":{"line":2,"column":87},"end":{"line":7,"column":1}},"line":2},"1":{"name":"(anonymous_1)","decl":{"start":{"line":8,"column":46},"end":{"line":8,"column":47}},"loc":{"start":{"line":8,"column":62},"end":{"line":10,"column":1}},"line":8},"2":{"name":"(anonymous_2)","decl":{"start":{"line":68,"column":4},"end":{"line":68,"column":5}},"loc":{"start":{"line":68,"column":18},"end":{"line":70,"column":5}},"line":68},"3":{"name":"(anonymous_3)","decl":{"start":{"line":71,"column":4},"end":{"line":71,"column":5}},"loc":{"start":{"line":71,"column":8},"end":{"line":74,"column":5}},"line":71},"4":{"name":"(anonymous_4)","decl":{"start":{"line":75,"column":4},"end":{"line":75,"column":5}},"loc":{"start":{"line":75,"column":8},"end":{"line":78,"column":5}},"line":75},"5":{"name":"(anonymous_5)","decl":{"start":{"line":79,"column":4},"end":{"line":79,"column":5}},"loc":{"start":{"line":79,"column":18},"end":{"line":84,"column":5}},"line":79},"6":{"name":"(anonymous_6)","decl":{"start":{"line":85,"column":4},"end":{"line":85,"column":5}},"loc":{"start":{"line":85,"column":17},"end":{"line":87,"column":5}},"line":85},"7":{"name":"(anonymous_7)","decl":{"start":{"line":88,"column":4},"end":{"line":88,"column":5}},"loc":{"start":{"line":88,"column":18},"end":{"line":91,"column":5}},"line":88},"8":{"name":"(anonymous_8)","decl":{"start":{"line":92,"column":4},"end":{"line":92,"column":5}},"loc":{"start":{"line":92,"column":38},"end":{"line":94,"column":5}},"line":92},"9":{"name":"(anonymous_9)","decl":{"start":{"line":95,"column":4},"end":{"line":95,"column":5}},"loc":{"start":{"line":95,"column":31},"end":{"line":97,"column":5}},"line":95},"10":{"name":"(anonymous_10)","decl":{"start":{"line":98,"column":4},"end":{"line":98,"column":5}},"loc":{"start":{"line":98,"column":36},"end":{"line":100,"column":5}},"line":98},"11":{"name":"(anonymous_11)","decl":{"start":{"line":101,"column":4},"end":{"line":101,"column":5}},"loc":{"start":{"line":101,"column":24},"end":{"line":103,"column":5}},"line":101},"12":{"name":"(anonymous_12)","decl":{"start":{"line":104,"column":4},"end":{"line":104,"column":5}},"loc":{"start":{"line":104,"column":22},"end":{"line":106,"column":5}},"line":104},"13":{"name":"(anonymous_13)","decl":{"start":{"line":107,"column":4},"end":{"line":107,"column":5}},"loc":{"start":{"line":107,"column":44},"end":{"line":112,"column":5}},"line":107},"14":{"name":"(anonymous_14)","decl":{"start":{"line":113,"column":4},"end":{"line":113,"column":5}},"loc":{"start":{"line":113,"column":20},"end":{"line":115,"column":5}},"line":113},"15":{"name":"(anonymous_15)","decl":{"start":{"line":122,"column":4},"end":{"line":122,"column":5}},"loc":{"start":{"line":122,"column":19},"end":{"line":125,"column":5}},"line":122},"16":{"name":"(anonymous_16)","decl":{"start":{"line":126,"column":4},"end":{"line":126,"column":5}},"loc":{"start":{"line":126,"column":23},"end":{"line":132,"column":5}},"line":126},"17":{"name":"(anonymous_17)","decl":{"start":{"line":133,"column":4},"end":{"line":133,"column":5}},"loc":{"start":{"line":133,"column":12},"end":{"line":136,"column":5}},"line":133}},"branchMap":{"0":{"loc":{"start":{"line":2,"column":17},"end":{"line":7,"column":1}},"type":"binary-expr","locations":[{"start":{"line":2,"column":18},"end":{"line":2,"column":22}},{"start":{"line":2,"column":26},"end":{"line":2,"column":41}},{"start":{"line":2,"column":46},"end":{"line":7,"column":1}}],"line":2},"1":{"loc":{"start":{"line":3,"column":34},"end":{"line":3,"column":125}},"type":"cond-expr","locations":[{"start":{"line":3,"column":42},"end":{"line":3,"column":48}},{"start":{"line":3,"column":51},"end":{"line":3,"column":125}}],"line":3},"2":{"loc":{"start":{"line":3,"column":51},"end":{"line":3,"column":125}},"type":"cond-expr","locations":[{"start":{"line":3,"column":67},"end":{"line":3,"column":118}},{"start":{"line":3,"column":121},"end":{"line":3,"column":125}}],"line":3},"3":{"loc":{"start":{"line":4,"column":4},"end":{"line":5,"column":150}},"type":"if","locations":[{"start":{"line":4,"column":4},"end":{"line":5,"column":150}},{"start":{"line":4,"column":4},"end":{"line":5,"column":150}}],"line":4},"4":{"loc":{"start":{"line":4,"column":8},"end":{"line":4,"column":77}},"type":"binary-expr","locations":[{"start":{"line":4,"column":8},"end":{"line":4,"column":35}},{"start":{"line":4,"column":39},"end":{"line":4,"column":77}}],"line":4},"5":{"loc":{"start":{"line":5,"column":58},"end":{"line":5,"column":150}},"type":"if","locations":[{"start":{"line":5,"column":58},"end":{"line":5,"column":150}},{"start":{"line":5,"column":58},"end":{"line":5,"column":150}}],"line":5},"6":{"loc":{"start":{"line":5,"column":85},"end":{"line":5,"column":149}},"type":"binary-expr","locations":[{"start":{"line":5,"column":86},"end":{"line":5,"column":143}},{"start":{"line":5,"column":148},"end":{"line":5,"column":149}}],"line":5},"7":{"loc":{"start":{"line":5,"column":86},"end":{"line":5,"column":143}},"type":"cond-expr","locations":[{"start":{"line":5,"column":94},"end":{"line":5,"column":98}},{"start":{"line":5,"column":101},"end":{"line":5,"column":143}}],"line":5},"8":{"loc":{"start":{"line":5,"column":101},"end":{"line":5,"column":143}},"type":"cond-expr","locations":[{"start":{"line":5,"column":109},"end":{"line":5,"column":126}},{"start":{"line":5,"column":129},"end":{"line":5,"column":143}}],"line":5},"9":{"loc":{"start":{"line":6,"column":11},"end":{"line":6,"column":62}},"type":"binary-expr","locations":[{"start":{"line":6,"column":11},"end":{"line":6,"column":16}},{"start":{"line":6,"column":20},"end":{"line":6,"column":21}},{"start":{"line":6,"column":25},"end":{"line":6,"column":62}}],"line":6},"10":{"loc":{"start":{"line":8,"column":17},"end":{"line":10,"column":1}},"type":"binary-expr","locations":[{"start":{"line":8,"column":18},"end":{"line":8,"column":22}},{"start":{"line":8,"column":26},"end":{"line":8,"column":41}},{"start":{"line":8,"column":46},"end":{"line":10,"column":1}}],"line":8},"11":{"loc":{"start":{"line":9,"column":4},"end":{"line":9,"column":109}},"type":"if","locations":[{"start":{"line":9,"column":4},"end":{"line":9,"column":109}},{"start":{"line":9,"column":4},"end":{"line":9,"column":109}}],"line":9},"12":{"loc":{"start":{"line":9,"column":8},"end":{"line":9,"column":77}},"type":"binary-expr","locations":[{"start":{"line":9,"column":8},"end":{"line":9,"column":35}},{"start":{"line":9,"column":39},"end":{"line":9,"column":77}}],"line":9},"13":{"loc":{"start":{"line":134,"column":8},"end":{"line":135,"column":34}},"type":"if","locations":[{"start":{"line":134,"column":8},"end":{"line":135,"column":34}},{"start":{"line":134,"column":8},"end":{"line":135,"column":34}}],"line":134}},"s":{"0":1,"1":3,"2":3,"3":3,"4":3,"5":0,"6":0,"7":0,"8":0,"9":3,"10":1,"11":1,"12":1,"13":1,"14":1,"15":1,"16":1,"17":1,"18":1,"19":1,"20":1,"21":2,"22":3,"23":3,"24":3,"25":3,"26":15,"27":15,"28":15,"29":22,"30":15,"31":1,"32":1,"33":1,"34":1,"35":2,"36":4,"37":2,"38":0,"39":6,"40":6,"41":4,"42":6,"43":2,"44":1,"45":1,"46":1,"47":0,"48":0,"49":1,"50":0,"51":1,"52":1,"53":1},"f":{"0":3,"1":1,"2":2,"3":3,"4":3,"5":15,"6":1,"7":1,"8":1,"9":2,"10":4,"11":2,"12":0,"13":6,"14":2,"15":0,"16":29,"17":1},"b":{"0":[1,1,1],"1":[2,1],"2":[0,1],"3":[3,0],"4":[3,3],"5":[0,0],"6":[0,0],"7":[0,0],"8":[0,0],"9":[3,1,0],"10":[1,1,1],"11":[1,0],"12":[1,1],"13":[0,1]},"_coverageSchema":"43e27e138ebf9cfc5966b082cf9a028302ed4184","hash":"bcce27fa7dcf515b56b7cdc464cf70443ca23aff","contentHash":"9a910bb5627fc77b13edde8557b1071bb2ad24ded1a23b244634cfc1ceb00a22"},"/Users/javier/Documents/Develop/naenie/tests/test_directory_walking.test.ts":{"path":"/Users/javier/Documents/Develop/naenie/tests/test_directory_walking.test.ts","statementMap":{"0":{"start":{"line":2,"column":0},"end":{"line":2,"column":62}},"1":{"start":{"line":3,"column":18},"end":{"line":3,"column":48}},"2":{"start":{"line":4,"column":18},"end":{"line":4,"column":48}},"3":{"start":{"line":5,"column":17},"end":{"line":5,"column":46}},"4":{"start":{"line":6,"column":26},"end":{"line":6,"column":74}},"5":{"start":{"line":7,"column":16},"end":{"line":10,"column":1}},"6":{"start":{"line":11,"column":0},"end":{"line":12,"column":30}},"7":{"start":{"line":13,"column":0},"end":{"line":13,"column":83}},"8":{"start":{"line":14,"column":0},"end":{"line":14,"column":75}},"9":{"start":{"line":15,"column":0},"end":{"line":20,"column":3}},"10":{"start":{"line":16,"column":4},"end":{"line":19,"column":7}},"11":{"start":{"line":17,"column":24},"end":{"line":17,"column":68}},"12":{"start":{"line":18,"column":8},"end":{"line":18,"column":26}}},"fnMap":{"0":{"name":"(anonymous_0)","decl":{"start":{"line":15,"column":20},"end":{"line":15,"column":21}},"loc":{"start":{"line":15,"column":32},"end":{"line":20,"column":1}},"line":15},"1":{"name":"(anonymous_1)","decl":{"start":{"line":16,"column":28},"end":{"line":16,"column":29}},"loc":{"start":{"line":16,"column":40},"end":{"line":19,"column":5}},"line":16}},"branchMap":{},"s":{"0":1,"1":1,"2":1,"3":1,"4":1,"5":1,"6":1,"7":1,"8":1,"9":1,"10":1,"11":1,"12":1},"f":{"0":1,"1":1},"b":{},"_coverageSchema":"43e27e138ebf9cfc5966b082cf9a028302ed4184","hash":"300637ae8a16f9874b435b42e031817fc39e514e","contentHash":"6032a1607119c8ab6c9923b43cdc4623a378a056a28c2bd0d9a43c7ed64a3068"},"/Users/javier/Documents/Develop/naenie/src/impl/startup.ts":{"path":"/Users/javier/Documents/Develop/naenie/src/impl/startup.ts","statementMap":{"0":{"start":{"line":2,"column":0},"end":{"line":2,"column":62}},"1":{"start":{"line":3,"column":20},"end":{"line":3,"column":40}},"2":{"start":{"line":4,"column":17},"end":{"line":4,"column":36}},"3":{"start":{"line":5,"column":18},"end":{"line":5,"column":38}},"4":{"start":{"line":6,"column":25},"end":{"line":6,"column":61}},"5":{"start":{"line":7,"column":22},"end":{"line":7,"column":55}},"6":{"start":{"line":8,"column":21},"end":{"line":8,"column":53}},"7":{"start":{"line":9,"column":30},"end":{"line":9,"column":71}},"8":{"start":{"line":10,"column":36},"end":{"line":10,"column":83}},"9":{"start":{"line":11,"column":17},"end":{"line":11,"column":36}},"10":{"start":{"line":12,"column":21},"end":{"line":12,"column":50}},"11":{"start":{"line":15,"column":20},"end":{"line":15,"column":47}},"12":{"start":{"line":16,"column":0},"end":{"line":16,"column":68}},"13":{"start":{"line":18,"column":0},"end":{"line":18,"column":67}},"14":{"start":{"line":20,"column":0},"end":{"line":20,"column":70}},"15":{"start":{"line":24,"column":0},"end":{"line":24,"column":52}},"16":{"start":{"line":25,"column":0},"end":{"line":25,"column":49}},"17":{"start":{"line":26,"column":0},"end":{"line":26,"column":48}},"18":{"start":{"line":27,"column":0},"end":{"line":27,"column":57}},"19":{"start":{"line":28,"column":0},"end":{"line":28,"column":63}},"20":{"start":{"line":29,"column":0},"end":{"line":29,"column":64}},"21":{"start":{"line":30,"column":0},"end":{"line":30,"column":30}}},"fnMap":{},"branchMap":{},"s":{"0":1,"1":1,"2":1,"3":1,"4":1,"5":1,"6":1,"7":1,"8":1,"9":1,"10":1,"11":1,"12":1,"13":1,"14":1,"15":1,"16":1,"17":1,"18":1,"19":1,"20":1,"21":1},"f":{},"b":{},"_coverageSchema":"43e27e138ebf9cfc5966b082cf9a028302ed4184","hash":"041b00dbe19942b8f53ceaf42f4e22bb20b4d58b","contentHash":"20c412917db83e81e01ffb7eb178fd9f4fb867e3d4be474495b4c9501a8b24b3"},"/Users/javier/Documents/Develop/naenie/src/impl/logger.ts":{"path":"/Users/javier/Documents/Develop/naenie/src/impl/logger.ts","statementMap":{"0":{"start":{"line":2,"column":17},"end":{"line":7,"column":1}},"1":{"start":{"line":3,"column":12},"end":{"line":3,"column":28}},"2":{"start":{"line":3,"column":34},"end":{"line":3,"column":125}},"3":{"start":{"line":4,"column":4},"end":{"line":5,"column":150}},"4":{"start":{"line":4,"column":79},"end":{"line":4,"column":131}},"5":{"start":{"line":5,"column":9},"end":{"line":5,"column":150}},"6":{"start":{"line":5,"column":22},"end":{"line":5,"column":43}},"7":{"start":{"line":5,"column":58},"end":{"line":5,"column":150}},"8":{"start":{"line":5,"column":81},"end":{"line":5,"column":150}},"9":{"start":{"line":6,"column":4},"end":{"line":6,"column":66}},"10":{"start":{"line":8,"column":0},"end":{"line":8,"column":62}},"11":{"start":{"line":9,"column":0},"end":{"line":9,"column":28}},"12":{"start":{"line":10,"column":20},"end":{"line":10,"column":40}},"13":{"start":{"line":11,"column":13},"end":{"line":33,"column":1}},"14":{"start":{"line":13,"column":8},"end":{"line":13,"column":63}},"15":{"start":{"line":13,"column":26},"end":{"line":13,"column":61}},"16":{"start":{"line":16,"column":8},"end":{"line":16,"column":51}},"17":{"start":{"line":16,"column":26},"end":{"line":16,"column":49}},"18":{"start":{"line":19,"column":8},"end":{"line":19,"column":64}},"19":{"start":{"line":19,"column":26},"end":{"line":19,"column":62}},"20":{"start":{"line":22,"column":8},"end":{"line":22,"column":61}},"21":{"start":{"line":22,"column":26},"end":{"line":22,"column":59}},"22":{"start":{"line":25,"column":8},"end":{"line":25,"column":39}},"23":{"start":{"line":28,"column":8},"end":{"line":28,"column":39}},"24":{"start":{"line":31,"column":8},"end":{"line":31,"column":39}},"25":{"start":{"line":34,"column":0},"end":{"line":36,"column":11}},"26":{"start":{"line":37,"column":0},"end":{"line":37,"column":25}}},"fnMap":{"0":{"name":"(anonymous_0)","decl":{"start":{"line":2,"column":46},"end":{"line":2,"column":47}},"loc":{"start":{"line":2,"column":87},"end":{"line":7,"column":1}},"line":2},"1":{"name":"(anonymous_1)","decl":{"start":{"line":12,"column":4},"end":{"line":12,"column":5}},"loc":{"start":{"line":12,"column":19},"end":{"line":14,"column":5}},"line":12},"2":{"name":"(anonymous_2)","decl":{"start":{"line":13,"column":21},"end":{"line":13,"column":22}},"loc":{"start":{"line":13,"column":26},"end":{"line":13,"column":61}},"line":13},"3":{"name":"(anonymous_3)","decl":{"start":{"line":15,"column":4},"end":{"line":15,"column":5}},"loc":{"start":{"line":15,"column":18},"end":{"line":17,"column":5}},"line":15},"4":{"name":"(anonymous_4)","decl":{"start":{"line":16,"column":21},"end":{"line":16,"column":22}},"loc":{"start":{"line":16,"column":26},"end":{"line":16,"column":49}},"line":16},"5":{"name":"(anonymous_5)","decl":{"start":{"line":18,"column":4},"end":{"line":18,"column":5}},"loc":{"start":{"line":18,"column":21},"end":{"line":20,"column":5}},"line":18},"6":{"name":"(anonymous_6)","decl":{"start":{"line":19,"column":21},"end":{"line":19,"column":22}},"loc":{"start":{"line":19,"column":26},"end":{"line":19,"column":62}},"line":19},"7":{"name":"(anonymous_7)","decl":{"start":{"line":21,"column":4},"end":{"line":21,"column":5}},"loc":{"start":{"line":21,"column":19},"end":{"line":23,"column":5}},"line":21},"8":{"name":"(anonymous_8)","decl":{"start":{"line":22,"column":21},"end":{"line":22,"column":22}},"loc":{"start":{"line":22,"column":26},"end":{"line":22,"column":59}},"line":22},"9":{"name":"(anonymous_9)","decl":{"start":{"line":24,"column":4},"end":{"line":24,"column":5}},"loc":{"start":{"line":24,"column":15},"end":{"line":26,"column":5}},"line":24},"10":{"name":"(anonymous_10)","decl":{"start":{"line":27,"column":4},"end":{"line":27,"column":5}},"loc":{"start":{"line":27,"column":16},"end":{"line":29,"column":5}},"line":27},"11":{"name":"(anonymous_11)","decl":{"start":{"line":30,"column":4},"end":{"line":30,"column":5}},"loc":{"start":{"line":30,"column":13},"end":{"line":32,"column":5}},"line":30}},"branchMap":{"0":{"loc":{"start":{"line":2,"column":17},"end":{"line":7,"column":1}},"type":"binary-expr","locations":[{"start":{"line":2,"column":18},"end":{"line":2,"column":22}},{"start":{"line":2,"column":26},"end":{"line":2,"column":41}},{"start":{"line":2,"column":46},"end":{"line":7,"column":1}}],"line":2},"1":{"loc":{"start":{"line":3,"column":34},"end":{"line":3,"column":125}},"type":"cond-expr","locations":[{"start":{"line":3,"column":42},"end":{"line":3,"column":48}},{"start":{"line":3,"column":51},"end":{"line":3,"column":125}}],"line":3},"2":{"loc":{"start":{"line":3,"column":51},"end":{"line":3,"column":125}},"type":"cond-expr","locations":[{"start":{"line":3,"column":67},"end":{"line":3,"column":118}},{"start":{"line":3,"column":121},"end":{"line":3,"column":125}}],"line":3},"3":{"loc":{"start":{"line":4,"column":4},"end":{"line":5,"column":150}},"type":"if","locations":[{"start":{"line":4,"column":4},"end":{"line":5,"column":150}},{"start":{"line":4,"column":4},"end":{"line":5,"column":150}}],"line":4},"4":{"loc":{"start":{"line":4,"column":8},"end":{"line":4,"column":77}},"type":"binary-expr","locations":[{"start":{"line":4,"column":8},"end":{"line":4,"column":35}},{"start":{"line":4,"column":39},"end":{"line":4,"column":77}}],"line":4},"5":{"loc":{"start":{"line":5,"column":58},"end":{"line":5,"column":150}},"type":"if","locations":[{"start":{"line":5,"column":58},"end":{"line":5,"column":150}},{"start":{"line":5,"column":58},"end":{"line":5,"column":150}}],"line":5},"6":{"loc":{"start":{"line":5,"column":85},"end":{"line":5,"column":149}},"type":"binary-expr","locations":[{"start":{"line":5,"column":86},"end":{"line":5,"column":143}},{"start":{"line":5,"column":148},"end":{"line":5,"column":149}}],"line":5},"7":{"loc":{"start":{"line":5,"column":86},"end":{"line":5,"column":143}},"type":"cond-expr","locations":[{"start":{"line":5,"column":94},"end":{"line":5,"column":98}},{"start":{"line":5,"column":101},"end":{"line":5,"column":143}}],"line":5},"8":{"loc":{"start":{"line":5,"column":101},"end":{"line":5,"column":143}},"type":"cond-expr","locations":[{"start":{"line":5,"column":109},"end":{"line":5,"column":126}},{"start":{"line":5,"column":129},"end":{"line":5,"column":143}}],"line":5},"9":{"loc":{"start":{"line":6,"column":11},"end":{"line":6,"column":62}},"type":"binary-expr","locations":[{"start":{"line":6,"column":11},"end":{"line":6,"column":16}},{"start":{"line":6,"column":20},"end":{"line":6,"column":21}},{"start":{"line":6,"column":25},"end":{"line":6,"column":62}}],"line":6}},"s":{"0":1,"1":1,"2":1,"3":1,"4":1,"5":0,"6":0,"7":0,"8":0,"9":1,"10":1,"11":1,"12":1,"13":1,"14":2,"15":2,"16":0,"17":0,"18":0,"19":0,"20":11,"21":11,"22":2,"23":0,"24":11,"25":1,"26":1},"f":{"0":1,"1":2,"2":2,"3":0,"4":0,"5":0,"6":0,"7":11,"8":11,"9":2,"10":0,"11":11},"b":{"0":[1,1,1],"1":[1,0],"2":[0,0],"3":[1,0],"4":[1,1],"5":[0,0],"6":[0,0],"7":[0,0],"8":[0,0],"9":[1,0,0]},"_coverageSchema":"43e27e138ebf9cfc5966b082cf9a028302ed4184","hash":"cd8557694f9ec921fbc5c440ee356f1894c1ac87","contentHash":"7fe30f461e9bfcd5128ae7dd3059a53e1e6fcd7a7ce12c0a5e48ff195ecce57c"},"/Users/javier/Documents/Develop/naenie/src/impl/machine.ts":{"path":"/Users/javier/Documents/Develop/naenie/src/impl/machine.ts","statementMap":{"0":{"start":{"line":2,"column":17},"end":{"line":7,"column":1}},"1":{"start":{"line":3,"column":12},"end":{"line":3,"column":28}},"2":{"start":{"line":3,"column":34},"end":{"line":3,"column":125}},"3":{"start":{"line":4,"column":4},"end":{"line":5,"column":150}},"4":{"start":{"line":4,"column":79},"end":{"line":4,"column":131}},"5":{"start":{"line":5,"column":9},"end":{"line":5,"column":150}},"6":{"start":{"line":5,"column":22},"end":{"line":5,"column":43}},"7":{"start":{"line":5,"column":58},"end":{"line":5,"column":150}},"8":{"start":{"line":5,"column":81},"end":{"line":5,"column":150}},"9":{"start":{"line":6,"column":4},"end":{"line":6,"column":66}},"10":{"start":{"line":8,"column":17},"end":{"line":10,"column":1}},"11":{"start":{"line":9,"column":4},"end":{"line":9,"column":109}},"12":{"start":{"line":9,"column":79},"end":{"line":9,"column":109}},"13":{"start":{"line":11,"column":0},"end":{"line":11,"column":62}},"14":{"start":{"line":12,"column":15},"end":{"line":12,"column":39}},"15":{"start":{"line":13,"column":20},"end":{"line":13,"column":40}},"16":{"start":{"line":14,"column":27},"end":{"line":14,"column":62}},"17":{"start":{"line":15,"column":25},"end":{"line":15,"column":61}},"18":{"start":{"line":16,"column":36},"end":{"line":16,"column":83}},"19":{"start":{"line":17,"column":30},"end":{"line":17,"column":71}},"20":{"start":{"line":18,"column":21},"end":{"line":18,"column":53}},"21":{"start":{"line":19,"column":22},"end":{"line":19,"column":55}},"22":{"start":{"line":20,"column":11},"end":{"line":20,"column":24}},"23":{"start":{"line":21,"column":17},"end":{"line":21,"column":36}},"24":{"start":{"line":22,"column":21},"end":{"line":22,"column":50}},"25":{"start":{"line":23,"column":17},"end":{"line":23,"column":43}},"26":{"start":{"line":24,"column":15},"end":{"line":258,"column":1}},"27":{"start":{"line":87,"column":8},"end":{"line":87,"column":60}},"28":{"start":{"line":89,"column":8},"end":{"line":89,"column":49}},"29":{"start":{"line":90,"column":8},"end":{"line":91,"column":54}},"30":{"start":{"line":91,"column":12},"end":{"line":91,"column":54}},"31":{"start":{"line":92,"column":8},"end":{"line":92,"column":40}},"32":{"start":{"line":94,"column":29},"end":{"line":94,"column":48}},"33":{"start":{"line":95,"column":12},"end":{"line":102,"column":13}},"34":{"start":{"line":96,"column":16},"end":{"line":101,"column":17}},"35":{"start":{"line":97,"column":20},"end":{"line":97,"column":71}},"36":{"start":{"line":100,"column":20},"end":{"line":100,"column":43}},"37":{"start":{"line":104,"column":8},"end":{"line":114,"column":11}},"38":{"start":{"line":106,"column":12},"end":{"line":113,"column":13}},"39":{"start":{"line":107,"column":32},"end":{"line":107,"column":81}},"40":{"start":{"line":108,"column":16},"end":{"line":108,"column":37}},"41":{"start":{"line":112,"column":16},"end":{"line":112,"column":45}},"42":{"start":{"line":204,"column":21},"end":{"line":204,"column":56}},"43":{"start":{"line":205,"column":8},"end":{"line":205,"column":54}},"44":{"start":{"line":206,"column":23},"end":{"line":206,"column":41}},"45":{"start":{"line":207,"column":8},"end":{"line":207,"column":54}},"46":{"start":{"line":208,"column":19},"end":{"line":208,"column":37}},"47":{"start":{"line":209,"column":8},"end":{"line":209,"column":66}},"48":{"start":{"line":210,"column":8},"end":{"line":210,"column":67}},"49":{"start":{"line":213,"column":8},"end":{"line":227,"column":9}},"50":{"start":{"line":214,"column":12},"end":{"line":214,"column":56}},"51":{"start":{"line":216,"column":25},"end":{"line":216,"column":44}},"52":{"start":{"line":217,"column":12},"end":{"line":219,"column":13}},"53":{"start":{"line":218,"column":16},"end":{"line":218,"column":50}},"54":{"start":{"line":220,"column":12},"end":{"line":225,"column":15}},"55":{"start":{"line":221,"column":16},"end":{"line":222,"column":42}},"56":{"start":{"line":222,"column":20},"end":{"line":222,"column":42}},"57":{"start":{"line":223,"column":16},"end":{"line":223,"column":60}},"58":{"start":{"line":224,"column":16},"end":{"line":224,"column":35}},"59":{"start":{"line":226,"column":12},"end":{"line":226,"column":19}},"60":{"start":{"line":230,"column":22},"end":{"line":230,"column":66}},"61":{"start":{"line":231,"column":8},"end":{"line":232,"column":53}},"62":{"start":{"line":232,"column":12},"end":{"line":232,"column":53}},"63":{"start":{"line":233,"column":26},"end":{"line":233,"column":49}},"64":{"start":{"line":234,"column":8},"end":{"line":234,"column":44}},"65":{"start":{"line":237,"column":22},"end":{"line":237,"column":66}},"66":{"start":{"line":238,"column":8},"end":{"line":239,"column":52}},"67":{"start":{"line":239,"column":12},"end":{"line":239,"column":52}},"68":{"start":{"line":240,"column":26},"end":{"line":240,"column":49}},"69":{"start":{"line":241,"column":8},"end":{"line":241,"column":43}},"70":{"start":{"line":242,"column":8},"end":{"line":242,"column":21}},"71":{"start":{"line":245,"column":26},"end":{"line":245,"column":49}},"72":{"start":{"line":246,"column":22},"end":{"line":246,"column":66}},"73":{"start":{"line":247,"column":8},"end":{"line":247,"column":50}},"74":{"start":{"line":248,"column":8},"end":{"line":248,"column":40}},"75":{"start":{"line":249,"column":8},"end":{"line":249,"column":24}},"76":{"start":{"line":250,"column":8},"end":{"line":250,"column":76}},"77":{"start":{"line":253,"column":8},"end":{"line":253,"column":46}},"78":{"start":{"line":256,"column":8},"end":{"line":256,"column":46}},"79":{"start":{"line":259,"column":0},"end":{"line":262,"column":41}},"80":{"start":{"line":263,"column":0},"end":{"line":266,"column":42}},"81":{"start":{"line":267,"column":0},"end":{"line":270,"column":48}},"82":{"start":{"line":271,"column":0},"end":{"line":274,"column":57}},"83":{"start":{"line":275,"column":0},"end":{"line":278,"column":47}},"84":{"start":{"line":279,"column":0},"end":{"line":282,"column":44}},"85":{"start":{"line":283,"column":0},"end":{"line":286,"column":45}},"86":{"start":{"line":287,"column":0},"end":{"line":290,"column":45}},"87":{"start":{"line":291,"column":0},"end":{"line":294,"column":42}},"88":{"start":{"line":295,"column":0},"end":{"line":298,"column":40}},"89":{"start":{"line":299,"column":0},"end":{"line":302,"column":41}},"90":{"start":{"line":303,"column":0},"end":{"line":305,"column":13}},"91":{"start":{"line":306,"column":0},"end":{"line":306,"column":27}}},"fnMap":{"0":{"name":"(anonymous_0)","decl":{"start":{"line":2,"column":46},"end":{"line":2,"column":47}},"loc":{"start":{"line":2,"column":87},"end":{"line":7,"column":1}},"line":2},"1":{"name":"(anonymous_1)","decl":{"start":{"line":8,"column":46},"end":{"line":8,"column":47}},"loc":{"start":{"line":8,"column":62},"end":{"line":10,"column":1}},"line":8},"2":{"name":"(anonymous_2)","decl":{"start":{"line":27,"column":4},"end":{"line":27,"column":5}},"loc":{"start":{"line":27,"column":18},"end":{"line":85,"column":5}},"line":27},"3":{"name":"(anonymous_3)","decl":{"start":{"line":86,"column":4},"end":{"line":86,"column":5}},"loc":{"start":{"line":86,"column":14},"end":{"line":202,"column":5}},"line":86},"4":{"name":"walk","decl":{"start":{"line":93,"column":17},"end":{"line":93,"column":21}},"loc":{"start":{"line":93,"column":37},"end":{"line":103,"column":9}},"line":93},"5":{"name":"(anonymous_5)","decl":{"start":{"line":104,"column":37},"end":{"line":104,"column":38}},"loc":{"start":{"line":104,"column":63},"end":{"line":114,"column":9}},"line":104},"6":{"name":"(anonymous_6)","decl":{"start":{"line":203,"column":4},"end":{"line":203,"column":5}},"loc":{"start":{"line":203,"column":28},"end":{"line":211,"column":5}},"line":203},"7":{"name":"(anonymous_7)","decl":{"start":{"line":212,"column":4},"end":{"line":212,"column":5}},"loc":{"start":{"line":212,"column":29},"end":{"line":228,"column":5}},"line":212},"8":{"name":"(anonymous_8)","decl":{"start":{"line":220,"column":30},"end":{"line":220,"column":31}},"loc":{"start":{"line":220,"column":36},"end":{"line":225,"column":13}},"line":220},"9":{"name":"(anonymous_9)","decl":{"start":{"line":229,"column":4},"end":{"line":229,"column":5}},"loc":{"start":{"line":229,"column":31},"end":{"line":235,"column":5}},"line":229},"10":{"name":"(anonymous_10)","decl":{"start":{"line":236,"column":4},"end":{"line":236,"column":5}},"loc":{"start":{"line":236,"column":30},"end":{"line":243,"column":5}},"line":236},"11":{"name":"(anonymous_11)","decl":{"start":{"line":244,"column":4},"end":{"line":244,"column":5}},"loc":{"start":{"line":244,"column":37},"end":{"line":251,"column":5}},"line":244},"12":{"name":"(anonymous_12)","decl":{"start":{"line":252,"column":4},"end":{"line":252,"column":5}},"loc":{"start":{"line":252,"column":45},"end":{"line":254,"column":5}},"line":252},"13":{"name":"(anonymous_13)","decl":{"start":{"line":255,"column":4},"end":{"line":255,"column":5}},"loc":{"start":{"line":255,"column":36},"end":{"line":257,"column":5}},"line":255}},"branchMap":{"0":{"loc":{"start":{"line":2,"column":17},"end":{"line":7,"column":1}},"type":"binary-expr","locations":[{"start":{"line":2,"column":18},"end":{"line":2,"column":22}},{"start":{"line":2,"column":26},"end":{"line":2,"column":41}},{"start":{"line":2,"column":46},"end":{"line":7,"column":1}}],"line":2},"1":{"loc":{"start":{"line":3,"column":34},"end":{"line":3,"column":125}},"type":"cond-expr","locations":[{"start":{"line":3,"column":42},"end":{"line":3,"column":48}},{"start":{"line":3,"column":51},"end":{"line":3,"column":125}}],"line":3},"2":{"loc":{"start":{"line":3,"column":51},"end":{"line":3,"column":125}},"type":"cond-expr","locations":[{"start":{"line":3,"column":67},"end":{"line":3,"column":118}},{"start":{"line":3,"column":121},"end":{"line":3,"column":125}}],"line":3},"3":{"loc":{"start":{"line":4,"column":4},"end":{"line":5,"column":150}},"type":"if","locations":[{"start":{"line":4,"column":4},"end":{"line":5,"column":150}},{"start":{"line":4,"column":4},"end":{"line":5,"column":150}}],"line":4},"4":{"loc":{"start":{"line":4,"column":8},"end":{"line":4,"column":77}},"type":"binary-expr","locations":[{"start":{"line":4,"column":8},"end":{"line":4,"column":35}},{"start":{"line":4,"column":39},"end":{"line":4,"column":77}}],"line":4},"5":{"loc":{"start":{"line":5,"column":58},"end":{"line":5,"column":150}},"type":"if","locations":[{"start":{"line":5,"column":58},"end":{"line":5,"column":150}},{"start":{"line":5,"column":58},"end":{"line":5,"column":150}}],"line":5},"6":{"loc":{"start":{"line":5,"column":85},"end":{"line":5,"column":149}},"type":"binary-expr","locations":[{"start":{"line":5,"column":86},"end":{"line":5,"column":143}},{"start":{"line":5,"column":148},"end":{"line":5,"column":149}}],"line":5},"7":{"loc":{"start":{"line":5,"column":86},"end":{"line":5,"column":143}},"type":"cond-expr","locations":[{"start":{"line":5,"column":94},"end":{"line":5,"column":98}},{"start":{"line":5,"column":101},"end":{"line":5,"column":143}}],"line":5},"8":{"loc":{"start":{"line":5,"column":101},"end":{"line":5,"column":143}},"type":"cond-expr","locations":[{"start":{"line":5,"column":109},"end":{"line":5,"column":126}},{"start":{"line":5,"column":129},"end":{"line":5,"column":143}}],"line":5},"9":{"loc":{"start":{"line":6,"column":11},"end":{"line":6,"column":62}},"type":"binary-expr","locations":[{"start":{"line":6,"column":11},"end":{"line":6,"column":16}},{"start":{"line":6,"column":20},"end":{"line":6,"column":21}},{"start":{"line":6,"column":25},"end":{"line":6,"column":62}}],"line":6},"10":{"loc":{"start":{"line":8,"column":17},"end":{"line":10,"column":1}},"type":"binary-expr","locations":[{"start":{"line":8,"column":18},"end":{"line":8,"column":22}},{"start":{"line":8,"column":26},"end":{"line":8,"column":41}},{"start":{"line":8,"column":46},"end":{"line":10,"column":1}}],"line":8},"11":{"loc":{"start":{"line":9,"column":4},"end":{"line":9,"column":109}},"type":"if","locations":[{"start":{"line":9,"column":4},"end":{"line":9,"column":109}},{"start":{"line":9,"column":4},"end":{"line":9,"column":109}}],"line":9},"12":{"loc":{"start":{"line":9,"column":8},"end":{"line":9,"column":77}},"type":"binary-expr","locations":[{"start":{"line":9,"column":8},"end":{"line":9,"column":35}},{"start":{"line":9,"column":39},"end":{"line":9,"column":77}}],"line":9},"13":{"loc":{"start":{"line":90,"column":8},"end":{"line":91,"column":54}},"type":"if","locations":[{"start":{"line":90,"column":8},"end":{"line":91,"column":54}},{"start":{"line":90,"column":8},"end":{"line":91,"column":54}}],"line":90},"14":{"loc":{"start":{"line":96,"column":16},"end":{"line":101,"column":17}},"type":"if","locations":[{"start":{"line":96,"column":16},"end":{"line":101,"column":17}},{"start":{"line":96,"column":16},"end":{"line":101,"column":17}}],"line":96},"15":{"loc":{"start":{"line":213,"column":8},"end":{"line":227,"column":9}},"type":"if","locations":[{"start":{"line":213,"column":8},"end":{"line":227,"column":9}},{"start":{"line":213,"column":8},"end":{"line":227,"column":9}}],"line":213},"16":{"loc":{"start":{"line":221,"column":16},"end":{"line":222,"column":42}},"type":"if","locations":[{"start":{"line":221,"column":16},"end":{"line":222,"column":42}},{"start":{"line":221,"column":16},"end":{"line":222,"column":42}}],"line":221},"17":{"loc":{"start":{"line":231,"column":8},"end":{"line":232,"column":53}},"type":"if","locations":[{"start":{"line":231,"column":8},"end":{"line":232,"column":53}},{"start":{"line":231,"column":8},"end":{"line":232,"column":53}}],"line":231},"18":{"loc":{"start":{"line":238,"column":8},"end":{"line":239,"column":52}},"type":"if","locations":[{"start":{"line":238,"column":8},"end":{"line":239,"column":52}},{"start":{"line":238,"column":8},"end":{"line":239,"column":52}}],"line":238},"19":{"loc":{"start":{"line":248,"column":21},"end":{"line":248,"column":39}},"type":"cond-expr","locations":[{"start":{"line":248,"column":33},"end":{"line":248,"column":35}},{"start":{"line":248,"column":38},"end":{"line":248,"column":39}}],"line":248}},"s":{"0":1,"1":12,"2":12,"3":12,"4":12,"5":0,"6":0,"7":0,"8":0,"9":12,"10":1,"11":11,"12":11,"13":1,"14":1,"15":1,"16":1,"17":1,"18":1,"19":1,"20":1,"21":1,"22":1,"23":1,"24":1,"25":1,"26":1,"27":1,"28":1,"29":1,"30":1,"31":1,"32":1522,"33":1522,"34":10580,"35":1521,"36":9059,"37":1,"38":9059,"39":9059,"40":9048,"41":11,"42":0,"43":0,"44":0,"45":0,"46":0,"47":0,"48":0,"49":0,"50":0,"51":0,"52":0,"53":0,"54":0,"55":0,"56":0,"57":0,"58":0,"59":0,"60":0,"61":0,"62":0,"63":0,"64":0,"65":0,"66":0,"67":0,"68":0,"69":0,"70":0,"71":0,"72":0,"73":0,"74":0,"75":0,"76":0,"77":0,"78":0,"79":1,"80":1,"81":1,"82":1,"83":1,"84":1,"85":1,"86":1,"87":1,"88":1,"89":1,"90":1,"91":1},"f":{"0":12,"1":11,"2":0,"3":1,"4":1522,"5":9059,"6":0,"7":0,"8":0,"9":0,"10":0,"11":0,"12":0,"13":0},"b":{"0":[1,1,1],"1":[1,11],"2":[0,11],"3":[12,0],"4":[12,12],"5":[0,0],"6":[0,0],"7":[0,0],"8":[0,0],"9":[12,11,0],"10":[1,1,1],"11":[11,0],"12":[11,11],"13":[1,0],"14":[1521,9059],"15":[0,0],"16":[0,0],"17":[0,0],"18":[0,0],"19":[0,0]},"_coverageSchema":"43e27e138ebf9cfc5966b082cf9a028302ed4184","hash":"363c63c2f65295be061a7da7ee9c2d5d2d210421","contentHash":"5dea1890f918c444ce2cec6d18a9530007eb591cf41a6d4891b0ab32f306196a"},"/Users/javier/Documents/Develop/naenie/src/core/sandbox.executor.ts":{"path":"/Users/javier/Documents/Develop/naenie/src/core/sandbox.executor.ts","statementMap":{"0":{"start":{"line":2,"column":17},"end":{"line":7,"column":1}},"1":{"start":{"line":3,"column":12},"end":{"line":3,"column":28}},"2":{"start":{"line":3,"column":34},"end":{"line":3,"column":125}},"3":{"start":{"line":4,"column":4},"end":{"line":5,"column":150}},"4":{"start":{"line":4,"column":79},"end":{"line":4,"column":131}},"5":{"start":{"line":5,"column":9},"end":{"line":5,"column":150}},"6":{"start":{"line":5,"column":22},"end":{"line":5,"column":43}},"7":{"start":{"line":5,"column":58},"end":{"line":5,"column":150}},"8":{"start":{"line":5,"column":81},"end":{"line":5,"column":150}},"9":{"start":{"line":6,"column":4},"end":{"line":6,"column":66}},"10":{"start":{"line":8,"column":0},"end":{"line":8,"column":62}},"11":{"start":{"line":9,"column":20},"end":{"line":9,"column":40}},"12":{"start":{"line":10,"column":21},"end":{"line":11,"column":1}},"13":{"start":{"line":12,"column":0},"end":{"line":14,"column":19}},"14":{"start":{"line":15,"column":0},"end":{"line":15,"column":33}}},"fnMap":{"0":{"name":"(anonymous_0)","decl":{"start":{"line":2,"column":46},"end":{"line":2,"column":47}},"loc":{"start":{"line":2,"column":87},"end":{"line":7,"column":1}},"line":2}},"branchMap":{"0":{"loc":{"start":{"line":2,"column":17},"end":{"line":7,"column":1}},"type":"binary-expr","locations":[{"start":{"line":2,"column":18},"end":{"line":2,"column":22}},{"start":{"line":2,"column":26},"end":{"line":2,"column":41}},{"start":{"line":2,"column":46},"end":{"line":7,"column":1}}],"line":2},"1":{"loc":{"start":{"line":3,"column":34},"end":{"line":3,"column":125}},"type":"cond-expr","locations":[{"start":{"line":3,"column":42},"end":{"line":3,"column":48}},{"start":{"line":3,"column":51},"end":{"line":3,"column":125}}],"line":3},"2":{"loc":{"start":{"line":3,"column":51},"end":{"line":3,"column":125}},"type":"cond-expr","locations":[{"start":{"line":3,"column":67},"end":{"line":3,"column":118}},{"start":{"line":3,"column":121},"end":{"line":3,"column":125}}],"line":3},"3":{"loc":{"start":{"line":4,"column":4},"end":{"line":5,"column":150}},"type":"if","locations":[{"start":{"line":4,"column":4},"end":{"line":5,"column":150}},{"start":{"line":4,"column":4},"end":{"line":5,"column":150}}],"line":4},"4":{"loc":{"start":{"line":4,"column":8},"end":{"line":4,"column":77}},"type":"binary-expr","locations":[{"start":{"line":4,"column":8},"end":{"line":4,"column":35}},{"start":{"line":4,"column":39},"end":{"line":4,"column":77}}],"line":4},"5":{"loc":{"start":{"line":5,"column":58},"end":{"line":5,"column":150}},"type":"if","locations":[{"start":{"line":5,"column":58},"end":{"line":5,"column":150}},{"start":{"line":5,"column":58},"end":{"line":5,"column":150}}],"line":5},"6":{"loc":{"start":{"line":5,"column":85},"end":{"line":5,"column":149}},"type":"binary-expr","locations":[{"start":{"line":5,"column":86},"end":{"line":5,"column":143}},{"start":{"line":5,"column":148},"end":{"line":5,"column":149}}],"line":5},"7":{"loc":{"start":{"line":5,"column":86},"end":{"line":5,"column":143}},"type":"cond-expr","locations":[{"start":{"line":5,"column":94},"end":{"line":5,"column":98}},{"start":{"line":5,"column":101},"end":{"line":5,"column":143}}],"line":5},"8":{"loc":{"start":{"line":5,"column":101},"end":{"line":5,"column":143}},"type":"cond-expr","locations":[{"start":{"line":5,"column":109},"end":{"line":5,"column":126}},{"start":{"line":5,"column":129},"end":{"line":5,"column":143}}],"line":5},"9":{"loc":{"start":{"line":6,"column":11},"end":{"line":6,"column":62}},"type":"binary-expr","locations":[{"start":{"line":6,"column":11},"end":{"line":6,"column":16}},{"start":{"line":6,"column":20},"end":{"line":6,"column":21}},{"start":{"line":6,"column":25},"end":{"line":6,"column":62}}],"line":6}},"s":{"0":1,"1":1,"2":1,"3":1,"4":1,"5":0,"6":0,"7":0,"8":0,"9":1,"10":1,"11":1,"12":1,"13":1,"14":1},"f":{"0":1},"b":{"0":[1,1,1],"1":[1,0],"2":[0,0],"3":[1,0],"4":[1,1],"5":[0,0],"6":[0,0],"7":[0,0],"8":[0,0],"9":[1,0,0]},"_coverageSchema":"43e27e138ebf9cfc5966b082cf9a028302ed4184","hash":"71f7e44d071212d28fa5621c0bc35ed2a9a6417b","contentHash":"44a46d76cf5d3292eebf0a30621a1eb5698a1784e244ea51c2f7ddb0fc8b44de"},"/Users/javier/Documents/Develop/naenie/src/walkers/generic.walker.ts":{"path":"/Users/javier/Documents/Develop/naenie/src/walkers/generic.walker.ts","statementMap":{"0":{"start":{"line":2,"column":17},"end":{"line":7,"column":1}},"1":{"start":{"line":3,"column":12},"end":{"line":3,"column":28}},"2":{"start":{"line":3,"column":34},"end":{"line":3,"column":125}},"3":{"start":{"line":4,"column":4},"end":{"line":5,"column":150}},"4":{"start":{"line":4,"column":79},"end":{"line":4,"column":131}},"5":{"start":{"line":5,"column":9},"end":{"line":5,"column":150}},"6":{"start":{"line":5,"column":22},"end":{"line":5,"column":43}},"7":{"start":{"line":5,"column":58},"end":{"line":5,"column":150}},"8":{"start":{"line":5,"column":81},"end":{"line":5,"column":150}},"9":{"start":{"line":6,"column":4},"end":{"line":6,"column":66}},"10":{"start":{"line":8,"column":0},"end":{"line":8,"column":62}},"11":{"start":{"line":9,"column":20},"end":{"line":9,"column":40}},"12":{"start":{"line":10,"column":0},"end":{"line":10,"column":28}},"13":{"start":{"line":11,"column":25},"end":{"line":11,"column":52}},"14":{"start":{"line":12,"column":17},"end":{"line":12,"column":43}},"15":{"start":{"line":16,"column":20},"end":{"line":79,"column":1}},"16":{"start":{"line":18,"column":8},"end":{"line":18,"column":28}},"17":{"start":{"line":19,"column":8},"end":{"line":19,"column":26}},"18":{"start":{"line":22,"column":8},"end":{"line":22,"column":39}},"19":{"start":{"line":25,"column":8},"end":{"line":25,"column":32}},"20":{"start":{"line":28,"column":23},"end":{"line":34,"column":9}},"21":{"start":{"line":35,"column":8},"end":{"line":36,"column":46}},"22":{"start":{"line":36,"column":12},"end":{"line":36,"column":46}},"23":{"start":{"line":37,"column":8},"end":{"line":37,"column":31}},"24":{"start":{"line":38,"column":8},"end":{"line":52,"column":9}},"25":{"start":{"line":39,"column":24},"end":{"line":39,"column":30}},"26":{"start":{"line":40,"column":12},"end":{"line":42,"column":13}},"27":{"start":{"line":41,"column":16},"end":{"line":41,"column":32}},"28":{"start":{"line":43,"column":12},"end":{"line":51,"column":13}},"29":{"start":{"line":44,"column":16},"end":{"line":50,"column":17}},"30":{"start":{"line":45,"column":20},"end":{"line":49,"column":21}},"31":{"start":{"line":46,"column":36},"end":{"line":46,"column":61}},"32":{"start":{"line":47,"column":24},"end":{"line":47,"column":52}},"33":{"start":{"line":48,"column":24},"end":{"line":48,"column":50}},"34":{"start":{"line":53,"column":8},"end":{"line":53,"column":58}},"35":{"start":{"line":54,"column":8},"end":{"line":54,"column":35}},"36":{"start":{"line":55,"column":8},"end":{"line":55,"column":19}},"37":{"start":{"line":58,"column":8},"end":{"line":77,"column":9}},"38":{"start":{"line":61,"column":30},"end":{"line":61,"column":39}},"39":{"start":{"line":62,"column":16},"end":{"line":62,"column":71}},"40":{"start":{"line":64,"column":16},"end":{"line":68,"column":19}},"41":{"start":{"line":70,"column":16},"end":{"line":74,"column":19}},"42":{"start":{"line":76,"column":16},"end":{"line":76,"column":48}},"43":{"start":{"line":80,"column":0},"end":{"line":82,"column":18}},"44":{"start":{"line":83,"column":0},"end":{"line":83,"column":32}}},"fnMap":{"0":{"name":"(anonymous_0)","decl":{"start":{"line":2,"column":46},"end":{"line":2,"column":47}},"loc":{"start":{"line":2,"column":87},"end":{"line":7,"column":1}},"line":2},"1":{"name":"(anonymous_1)","decl":{"start":{"line":17,"column":4},"end":{"line":17,"column":5}},"loc":{"start":{"line":17,"column":18},"end":{"line":20,"column":5}},"line":17},"2":{"name":"(anonymous_2)","decl":{"start":{"line":21,"column":4},"end":{"line":21,"column":5}},"loc":{"start":{"line":21,"column":14},"end":{"line":23,"column":5}},"line":21},"3":{"name":"(anonymous_3)","decl":{"start":{"line":24,"column":4},"end":{"line":24,"column":5}},"loc":{"start":{"line":24,"column":16},"end":{"line":26,"column":5}},"line":24},"4":{"name":"(anonymous_4)","decl":{"start":{"line":27,"column":4},"end":{"line":27,"column":5}},"loc":{"start":{"line":27,"column":25},"end":{"line":56,"column":5}},"line":27},"5":{"name":"(anonymous_5)","decl":{"start":{"line":57,"column":4},"end":{"line":57,"column":5}},"loc":{"start":{"line":57,"column":26},"end":{"line":78,"column":5}},"line":57}},"branchMap":{"0":{"loc":{"start":{"line":2,"column":17},"end":{"line":7,"column":1}},"type":"binary-expr","locations":[{"start":{"line":2,"column":18},"end":{"line":2,"column":22}},{"start":{"line":2,"column":26},"end":{"line":2,"column":41}},{"start":{"line":2,"column":46},"end":{"line":7,"column":1}}],"line":2},"1":{"loc":{"start":{"line":3,"column":34},"end":{"line":3,"column":125}},"type":"cond-expr","locations":[{"start":{"line":3,"column":42},"end":{"line":3,"column":48}},{"start":{"line":3,"column":51},"end":{"line":3,"column":125}}],"line":3},"2":{"loc":{"start":{"line":3,"column":51},"end":{"line":3,"column":125}},"type":"cond-expr","locations":[{"start":{"line":3,"column":67},"end":{"line":3,"column":118}},{"start":{"line":3,"column":121},"end":{"line":3,"column":125}}],"line":3},"3":{"loc":{"start":{"line":4,"column":4},"end":{"line":5,"column":150}},"type":"if","locations":[{"start":{"line":4,"column":4},"end":{"line":5,"column":150}},{"start":{"line":4,"column":4},"end":{"line":5,"column":150}}],"line":4},"4":{"loc":{"start":{"line":4,"column":8},"end":{"line":4,"column":77}},"type":"binary-expr","locations":[{"start":{"line":4,"column":8},"end":{"line":4,"column":35}},{"start":{"line":4,"column":39},"end":{"line":4,"column":77}}],"line":4},"5":{"loc":{"start":{"line":5,"column":58},"end":{"line":5,"column":150}},"type":"if","locations":[{"start":{"line":5,"column":58},"end":{"line":5,"column":150}},{"start":{"line":5,"column":58},"end":{"line":5,"column":150}}],"line":5},"6":{"loc":{"start":{"line":5,"column":85},"end":{"line":5,"column":149}},"type":"binary-expr","locations":[{"start":{"line":5,"column":86},"end":{"line":5,"column":143}},{"start":{"line":5,"column":148},"end":{"line":5,"column":149}}],"line":5},"7":{"loc":{"start":{"line":5,"column":86},"end":{"line":5,"column":143}},"type":"cond-expr","locations":[{"start":{"line":5,"column":94},"end":{"line":5,"column":98}},{"start":{"line":5,"column":101},"end":{"line":5,"column":143}}],"line":5},"8":{"loc":{"start":{"line":5,"column":101},"end":{"line":5,"column":143}},"type":"cond-expr","locations":[{"start":{"line":5,"column":109},"end":{"line":5,"column":126}},{"start":{"line":5,"column":129},"end":{"line":5,"column":143}}],"line":5},"9":{"loc":{"start":{"line":6,"column":11},"end":{"line":6,"column":62}},"type":"binary-expr","locations":[{"start":{"line":6,"column":11},"end":{"line":6,"column":16}},{"start":{"line":6,"column":20},"end":{"line":6,"column":21}},{"start":{"line":6,"column":25},"end":{"line":6,"column":62}}],"line":6},"10":{"loc":{"start":{"line":35,"column":8},"end":{"line":36,"column":46}},"type":"if","locations":[{"start":{"line":35,"column":8},"end":{"line":36,"column":46}},{"start":{"line":35,"column":8},"end":{"line":36,"column":46}}],"line":35},"11":{"loc":{"start":{"line":40,"column":12},"end":{"line":42,"column":13}},"type":"if","locations":[{"start":{"line":40,"column":12},"end":{"line":42,"column":13}},{"start":{"line":40,"column":12},"end":{"line":42,"column":13}}],"line":40},"12":{"loc":{"start":{"line":44,"column":16},"end":{"line":50,"column":17}},"type":"if","locations":[{"start":{"line":44,"column":16},"end":{"line":50,"column":17}},{"start":{"line":44,"column":16},"end":{"line":50,"column":17}}],"line":44},"13":{"loc":{"start":{"line":44,"column":20},"end":{"line":44,"column":51}},"type":"binary-expr","locations":[{"start":{"line":44,"column":20},"end":{"line":44,"column":28}},{"start":{"line":44,"column":32},"end":{"line":44,"column":51}}],"line":44},"14":{"loc":{"start":{"line":45,"column":20},"end":{"line":49,"column":21}},"type":"if","locations":[{"start":{"line":45,"column":20},"end":{"line":49,"column":21}},{"start":{"line":45,"column":20},"end":{"line":49,"column":21}}],"line":45},"15":{"loc":{"start":{"line":58,"column":8},"end":{"line":77,"column":9}},"type":"switch","locations":[{"start":{"line":59,"column":12},"end":{"line":59,"column":34}},{"start":{"line":60,"column":12},"end":{"line":62,"column":71}},{"start":{"line":63,"column":12},"end":{"line":68,"column":19}},{"start":{"line":69,"column":12},"end":{"line":74,"column":19}},{"start":{"line":75,"column":12},"end":{"line":76,"column":48}}],"line":58}},"s":{"0":1,"1":1,"2":1,"3":1,"4":1,"5":0,"6":0,"7":0,"8":0,"9":1,"10":1,"11":1,"12":1,"13":1,"14":1,"15":1,"16":1,"17":1,"18":0,"19":0,"20":0,"21":0,"22":0,"23":0,"24":0,"25":0,"26":0,"27":0,"28":0,"29":0,"30":0,"31":0,"32":0,"33":0,"34":0,"35":0,"36":0,"37":0,"38":0,"39":0,"40":0,"41":0,"42":0,"43":1,"44":1},"f":{"0":1,"1":1,"2":0,"3":0,"4":0,"5":0},"b":{"0":[1,1,1],"1":[1,0],"2":[0,0],"3":[1,0],"4":[1,1],"5":[0,0],"6":[0,0],"7":[0,0],"8":[0,0],"9":[1,0,0],"10":[0,0],"11":[0,0],"12":[0,0],"13":[0,0],"14":[0,0],"15":[0,0,0,0,0]},"_coverageSchema":"43e27e138ebf9cfc5966b082cf9a028302ed4184","hash":"81fe914a0e339b92df78dc1cf20031210af170e8","contentHash":"7fa724680802f20fac84bfbae9be0ba76a6126efaf3e89846be61b5dc3d1f9fd"},"/Users/javier/Documents/Develop/naenie/src/walkers/context.walker.ts":{"path":"/Users/javier/Documents/Develop/naenie/src/walkers/context.walker.ts","statementMap":{"0":{"start":{"line":2,"column":17},"end":{"line":7,"column":1}},"1":{"start":{"line":3,"column":12},"end":{"line":3,"column":28}},"2":{"start":{"line":3,"column":34},"end":{"line":3,"column":125}},"3":{"start":{"line":4,"column":4},"end":{"line":5,"column":150}},"4":{"start":{"line":4,"column":79},"end":{"line":4,"column":131}},"5":{"start":{"line":5,"column":9},"end":{"line":5,"column":150}},"6":{"start":{"line":5,"column":22},"end":{"line":5,"column":43}},"7":{"start":{"line":5,"column":58},"end":{"line":5,"column":150}},"8":{"start":{"line":5,"column":81},"end":{"line":5,"column":150}},"9":{"start":{"line":6,"column":4},"end":{"line":6,"column":66}},"10":{"start":{"line":8,"column":17},"end":{"line":10,"column":1}},"11":{"start":{"line":9,"column":4},"end":{"line":9,"column":109}},"12":{"start":{"line":9,"column":79},"end":{"line":9,"column":109}},"13":{"start":{"line":11,"column":0},"end":{"line":11,"column":62}},"14":{"start":{"line":12,"column":20},"end":{"line":12,"column":40}},"15":{"start":{"line":13,"column":20},"end":{"line":23,"column":1}},"16":{"start":{"line":15,"column":8},"end":{"line":15,"column":51}},"17":{"start":{"line":18,"column":8},"end":{"line":18,"column":31}},"18":{"start":{"line":21,"column":8},"end":{"line":21,"column":28}},"19":{"start":{"line":24,"column":0},"end":{"line":27,"column":47}},"20":{"start":{"line":28,"column":0},"end":{"line":30,"column":18}},"21":{"start":{"line":31,"column":0},"end":{"line":31,"column":32}}},"fnMap":{"0":{"name":"(anonymous_0)","decl":{"start":{"line":2,"column":46},"end":{"line":2,"column":47}},"loc":{"start":{"line":2,"column":87},"end":{"line":7,"column":1}},"line":2},"1":{"name":"(anonymous_1)","decl":{"start":{"line":8,"column":46},"end":{"line":8,"column":47}},"loc":{"start":{"line":8,"column":62},"end":{"line":10,"column":1}},"line":8},"2":{"name":"(anonymous_2)","decl":{"start":{"line":14,"column":4},"end":{"line":14,"column":5}},"loc":{"start":{"line":14,"column":14},"end":{"line":16,"column":5}},"line":14},"3":{"name":"(anonymous_3)","decl":{"start":{"line":17,"column":4},"end":{"line":17,"column":5}},"loc":{"start":{"line":17,"column":24},"end":{"line":19,"column":5}},"line":17},"4":{"name":"(anonymous_4)","decl":{"start":{"line":20,"column":4},"end":{"line":20,"column":5}},"loc":{"start":{"line":20,"column":17},"end":{"line":22,"column":5}},"line":20}},"branchMap":{"0":{"loc":{"start":{"line":2,"column":17},"end":{"line":7,"column":1}},"type":"binary-expr","locations":[{"start":{"line":2,"column":18},"end":{"line":2,"column":22}},{"start":{"line":2,"column":26},"end":{"line":2,"column":41}},{"start":{"line":2,"column":46},"end":{"line":7,"column":1}}],"line":2},"1":{"loc":{"start":{"line":3,"column":34},"end":{"line":3,"column":125}},"type":"cond-expr","locations":[{"start":{"line":3,"column":42},"end":{"line":3,"column":48}},{"start":{"line":3,"column":51},"end":{"line":3,"column":125}}],"line":3},"2":{"loc":{"start":{"line":3,"column":51},"end":{"line":3,"column":125}},"type":"cond-expr","locations":[{"start":{"line":3,"column":67},"end":{"line":3,"column":118}},{"start":{"line":3,"column":121},"end":{"line":3,"column":125}}],"line":3},"3":{"loc":{"start":{"line":4,"column":4},"end":{"line":5,"column":150}},"type":"if","locations":[{"start":{"line":4,"column":4},"end":{"line":5,"column":150}},{"start":{"line":4,"column":4},"end":{"line":5,"column":150}}],"line":4},"4":{"loc":{"start":{"line":4,"column":8},"end":{"line":4,"column":77}},"type":"binary-expr","locations":[{"start":{"line":4,"column":8},"end":{"line":4,"column":35}},{"start":{"line":4,"column":39},"end":{"line":4,"column":77}}],"line":4},"5":{"loc":{"start":{"line":5,"column":58},"end":{"line":5,"column":150}},"type":"if","locations":[{"start":{"line":5,"column":58},"end":{"line":5,"column":150}},{"start":{"line":5,"column":58},"end":{"line":5,"column":150}}],"line":5},"6":{"loc":{"start":{"line":5,"column":85},"end":{"line":5,"column":149}},"type":"binary-expr","locations":[{"start":{"line":5,"column":86},"end":{"line":5,"column":143}},{"start":{"line":5,"column":148},"end":{"line":5,"column":149}}],"line":5},"7":{"loc":{"start":{"line":5,"column":86},"end":{"line":5,"column":143}},"type":"cond-expr","locations":[{"start":{"line":5,"column":94},"end":{"line":5,"column":98}},{"start":{"line":5,"column":101},"end":{"line":5,"column":143}}],"line":5},"8":{"loc":{"start":{"line":5,"column":101},"end":{"line":5,"column":143}},"type":"cond-expr","locations":[{"start":{"line":5,"column":109},"end":{"line":5,"column":126}},{"start":{"line":5,"column":129},"end":{"line":5,"column":143}}],"line":5},"9":{"loc":{"start":{"line":6,"column":11},"end":{"line":6,"column":62}},"type":"binary-expr","locations":[{"start":{"line":6,"column":11},"end":{"line":6,"column":16}},{"start":{"line":6,"column":20},"end":{"line":6,"column":21}},{"start":{"line":6,"column":25},"end":{"line":6,"column":62}}],"line":6},"10":{"loc":{"start":{"line":8,"column":17},"end":{"line":10,"column":1}},"type":"binary-expr","locations":[{"start":{"line":8,"column":18},"end":{"line":8,"column":22}},{"start":{"line":8,"column":26},"end":{"line":8,"column":41}},{"start":{"line":8,"column":46},"end":{"line":10,"column":1}}],"line":8},"11":{"loc":{"start":{"line":9,"column":4},"end":{"line":9,"column":109}},"type":"if","locations":[{"start":{"line":9,"column":4},"end":{"line":9,"column":109}},{"start":{"line":9,"column":4},"end":{"line":9,"column":109}}],"line":9},"12":{"loc":{"start":{"line":9,"column":8},"end":{"line":9,"column":77}},"type":"binary-expr","locations":[{"start":{"line":9,"column":8},"end":{"line":9,"column":35}},{"start":{"line":9,"column":39},"end":{"line":9,"column":77}}],"line":9}},"s":{"0":1,"1":2,"2":2,"3":2,"4":2,"5":0,"6":0,"7":0,"8":0,"9":2,"10":1,"11":1,"12":1,"13":1,"14":1,"15":1,"16":0,"17":0,"18":0,"19":1,"20":1,"21":1},"f":{"0":2,"1":1,"2":0,"3":0,"4":0},"b":{"0":[1,1,1],"1":[1,1],"2":[0,1],"3":[2,0],"4":[2,2],"5":[0,0],"6":[0,0],"7":[0,0],"8":[0,0],"9":[2,1,0],"10":[1,1,1],"11":[1,0],"12":[1,1]},"_coverageSchema":"43e27e138ebf9cfc5966b082cf9a028302ed4184","hash":"c976d53cb767fdede61d7f30af38d2cd5c3f84c4","contentHash":"26d693d35069b38baa62d961f03880b0f8b87cb4099c05d204786b08f742935d"},"/Users/javier/Documents/Develop/naenie/src/utils/object.ts":{"path":"/Users/javier/Documents/Develop/naenie/src/utils/object.ts","statementMap":{"0":{"start":{"line":2,"column":0},"end":{"line":2,"column":62}},"1":{"start":{"line":4,"column":4},"end":{"line":4,"column":58}},"2":{"start":{"line":4,"column":32},"end":{"line":4,"column":56}},"3":{"start":{"line":6,"column":0},"end":{"line":6,"column":30}},"4":{"start":{"line":8,"column":4},"end":{"line":8,"column":23}},"5":{"start":{"line":10,"column":0},"end":{"line":10,"column":22}},"6":{"start":{"line":12,"column":17},"end":{"line":12,"column":32}},"7":{"start":{"line":13,"column":4},"end":{"line":13,"column":37}},"8":{"start":{"line":15,"column":0},"end":{"line":15,"column":34}},"9":{"start":{"line":17,"column":15},"end":{"line":17,"column":29}},"10":{"start":{"line":18,"column":19},"end":{"line":22,"column":5}},"11":{"start":{"line":23,"column":4},"end":{"line":34,"column":5}},"12":{"start":{"line":24,"column":8},"end":{"line":24,"column":28}},"13":{"start":{"line":25,"column":8},"end":{"line":28,"column":9}},"14":{"start":{"line":26,"column":12},"end":{"line":26,"column":27}},"15":{"start":{"line":27,"column":12},"end":{"line":27,"column":32}},"16":{"start":{"line":30,"column":8},"end":{"line":33,"column":9}},"17":{"start":{"line":31,"column":12},"end":{"line":31,"column":30}},"18":{"start":{"line":32,"column":12},"end":{"line":32,"column":30}},"19":{"start":{"line":35,"column":4},"end":{"line":35,"column":24}},"20":{"start":{"line":36,"column":4},"end":{"line":39,"column":5}},"21":{"start":{"line":37,"column":8},"end":{"line":37,"column":32}},"22":{"start":{"line":38,"column":8},"end":{"line":38,"column":31}},"23":{"start":{"line":40,"column":4},"end":{"line":40,"column":18}},"24":{"start":{"line":42,"column":0},"end":{"line":42,"column":26}},"25":{"start":{"line":44,"column":16},"end":{"line":44,"column":18}},"26":{"start":{"line":46,"column":8},"end":{"line":47,"column":23}},"27":{"start":{"line":47,"column":12},"end":{"line":47,"column":23}},"28":{"start":{"line":48,"column":8},"end":{"line":48,"column":24}},"29":{"start":{"line":51,"column":8},"end":{"line":52,"column":23}},"30":{"start":{"line":52,"column":12},"end":{"line":52,"column":23}},"31":{"start":{"line":54,"column":8},"end":{"line":58,"column":9}},"32":{"start":{"line":55,"column":12},"end":{"line":55,"column":30}},"33":{"start":{"line":56,"column":12},"end":{"line":56,"column":40}},"34":{"start":{"line":57,"column":12},"end":{"line":57,"column":24}},"35":{"start":{"line":60,"column":8},"end":{"line":66,"column":9}},"36":{"start":{"line":61,"column":12},"end":{"line":61,"column":22}},"37":{"start":{"line":62,"column":12},"end":{"line":64,"column":13}},"38":{"start":{"line":62,"column":25},"end":{"line":62,"column":26}},"39":{"start":{"line":62,"column":34},"end":{"line":62,"column":44}},"40":{"start":{"line":63,"column":16},"end":{"line":63,"column":55}},"41":{"start":{"line":65,"column":12},"end":{"line":65,"column":24}},"42":{"start":{"line":68,"column":8},"end":{"line":77,"column":9}},"43":{"start":{"line":69,"column":12},"end":{"line":69,"column":22}},"44":{"start":{"line":70,"column":12},"end":{"line":75,"column":13}},"45":{"start":{"line":71,"column":16},"end":{"line":72,"column":29}},"46":{"start":{"line":72,"column":20},"end":{"line":72,"column":29}},"47":{"start":{"line":73,"column":16},"end":{"line":74,"column":65}},"48":{"start":{"line":74,"column":20},"end":{"line":74,"column":65}},"49":{"start":{"line":76,"column":12},"end":{"line":76,"column":24}},"50":{"start":{"line":78,"column":8},"end":{"line":78,"column":73}},"51":{"start":{"line":80,"column":19},"end":{"line":80,"column":44}},"52":{"start":{"line":81,"column":4},"end":{"line":81,"column":17}},"53":{"start":{"line":82,"column":4},"end":{"line":82,"column":18}},"54":{"start":{"line":84,"column":0},"end":{"line":84,"column":27}},"55":{"start":{"line":87,"column":8},"end":{"line":87,"column":24}},"56":{"start":{"line":88,"column":8},"end":{"line":88,"column":28}},"57":{"start":{"line":89,"column":8},"end":{"line":89,"column":27}},"58":{"start":{"line":90,"column":8},"end":{"line":91,"column":34}},"59":{"start":{"line":91,"column":12},"end":{"line":91,"column":34}},"60":{"start":{"line":94,"column":8},"end":{"line":94,"column":38}},"61":{"start":{"line":97,"column":8},"end":{"line":97,"column":37}},"62":{"start":{"line":100,"column":8},"end":{"line":100,"column":29}},"63":{"start":{"line":103,"column":8},"end":{"line":103,"column":33}},"64":{"start":{"line":106,"column":8},"end":{"line":106,"column":103}},"65":{"start":{"line":106,"column":35},"end":{"line":106,"column":53}},"66":{"start":{"line":106,"column":72},"end":{"line":106,"column":78}},"67":{"start":{"line":109,"column":8},"end":{"line":109,"column":38}},"68":{"start":{"line":112,"column":8},"end":{"line":112,"column":39}},"69":{"start":{"line":113,"column":8},"end":{"line":113,"column":37}},"70":{"start":{"line":114,"column":8},"end":{"line":126,"column":9}},"71":{"start":{"line":115,"column":12},"end":{"line":115,"column":37}},"72":{"start":{"line":118,"column":20},"end":{"line":118,"column":21}},"73":{"start":{"line":119,"column":12},"end":{"line":123,"column":13}},"74":{"start":{"line":120,"column":16},"end":{"line":122,"column":17}},"75":{"start":{"line":121,"column":20},"end":{"line":121,"column":26}},"76":{"start":{"line":124,"column":25},"end":{"line":124,"column":54}},"77":{"start":{"line":125,"column":12},"end":{"line":125,"column":50}},"78":{"start":{"line":129,"column":0},"end":{"line":129,"column":30}}},"fnMap":{"0":{"name":"sortTypes","decl":{"start":{"line":3,"column":9},"end":{"line":3,"column":18}},"loc":{"start":{"line":3,"column":26},"end":{"line":5,"column":1}},"line":3},"1":{"name":"(anonymous_1)","decl":{"start":{"line":4,"column":22},"end":{"line":4,"column":23}},"loc":{"start":{"line":4,"column":32},"end":{"line":4,"column":56}},"line":4},"2":{"name":"isInt","decl":{"start":{"line":7,"column":9},"end":{"line":7,"column":14}},"loc":{"start":{"line":7,"column":18},"end":{"line":9,"column":1}},"line":7},"3":{"name":"getFileName","decl":{"start":{"line":11,"column":9},"end":{"line":11,"column":20}},"loc":{"start":{"line":11,"column":27},"end":{"line":14,"column":1}},"line":11},"4":{"name":"getType","decl":{"start":{"line":16,"column":9},"end":{"line":16,"column":16}},"loc":{"start":{"line":16,"column":24},"end":{"line":41,"column":1}},"line":16},"5":{"name":"deepCopy","decl":{"start":{"line":43,"column":9},"end":{"line":43,"column":17}},"loc":{"start":{"line":43,"column":32},"end":{"line":83,"column":1}},"line":43},"6":{"name":"deepCopyAux","decl":{"start":{"line":45,"column":13},"end":{"line":45,"column":24}},"loc":{"start":{"line":45,"column":39},"end":{"line":79,"column":5}},"line":45},"7":{"name":"(anonymous_7)","decl":{"start":{"line":86,"column":4},"end":{"line":86,"column":5}},"loc":{"start":{"line":86,"column":26},"end":{"line":92,"column":5}},"line":86},"8":{"name":"(anonymous_8)","decl":{"start":{"line":93,"column":4},"end":{"line":93,"column":5}},"loc":{"start":{"line":93,"column":26},"end":{"line":95,"column":5}},"line":93},"9":{"name":"(anonymous_9)","decl":{"start":{"line":96,"column":4},"end":{"line":96,"column":5}},"loc":{"start":{"line":96,"column":22},"end":{"line":98,"column":5}},"line":96},"10":{"name":"(anonymous_10)","decl":{"start":{"line":99,"column":4},"end":{"line":99,"column":5}},"loc":{"start":{"line":99,"column":12},"end":{"line":101,"column":5}},"line":99},"11":{"name":"(anonymous_11)","decl":{"start":{"line":102,"column":4},"end":{"line":102,"column":5}},"loc":{"start":{"line":102,"column":17},"end":{"line":104,"column":5}},"line":102},"12":{"name":"(anonymous_12)","decl":{"start":{"line":105,"column":4},"end":{"line":105,"column":5}},"loc":{"start":{"line":105,"column":23},"end":{"line":107,"column":5}},"line":105},"13":{"name":"(anonymous_13)","decl":{"start":{"line":106,"column":30},"end":{"line":106,"column":31}},"loc":{"start":{"line":106,"column":35},"end":{"line":106,"column":53}},"line":106},"14":{"name":"(anonymous_14)","decl":{"start":{"line":106,"column":62},"end":{"line":106,"column":63}},"loc":{"start":{"line":106,"column":72},"end":{"line":106,"column":78}},"line":106},"15":{"name":"(anonymous_15)","decl":{"start":{"line":108,"column":4},"end":{"line":108,"column":5}},"loc":{"start":{"line":108,"column":18},"end":{"line":110,"column":5}},"line":108},"16":{"name":"(anonymous_16)","decl":{"start":{"line":111,"column":4},"end":{"line":111,"column":5}},"loc":{"start":{"line":111,"column":21},"end":{"line":127,"column":5}},"line":111}},"branchMap":{"0":{"loc":{"start":{"line":23,"column":4},"end":{"line":34,"column":5}},"type":"if","locations":[{"start":{"line":23,"column":4},"end":{"line":34,"column":5}},{"start":{"line":23,"column":4},"end":{"line":34,"column":5}}],"line":23},"1":{"loc":{"start":{"line":25,"column":8},"end":{"line":28,"column":9}},"type":"if","locations":[{"start":{"line":25,"column":8},"end":{"line":28,"column":9}},{"start":{"line":25,"column":8},"end":{"line":28,"column":9}}],"line":25},"2":{"loc":{"start":{"line":30,"column":8},"end":{"line":33,"column":9}},"type":"if","locations":[{"start":{"line":30,"column":8},"end":{"line":33,"column":9}},{"start":{"line":30,"column":8},"end":{"line":33,"column":9}}],"line":30},"3":{"loc":{"start":{"line":30,"column":12},"end":{"line":30,"column":60}},"type":"binary-expr","locations":[{"start":{"line":30,"column":12},"end":{"line":30,"column":39}},{"start":{"line":30,"column":43},"end":{"line":30,"column":60}}],"line":30},"4":{"loc":{"start":{"line":36,"column":4},"end":{"line":39,"column":5}},"type":"if","locations":[{"start":{"line":36,"column":4},"end":{"line":39,"column":5}},{"start":{"line":36,"column":4},"end":{"line":39,"column":5}}],"line":36},"5":{"loc":{"start":{"line":46,"column":8},"end":{"line":47,"column":23}},"type":"if","locations":[{"start":{"line":46,"column":8},"end":{"line":47,"column":23}},{"start":{"line":46,"column":8},"end":{"line":47,"column":23}}],"line":46},"6":{"loc":{"start":{"line":51,"column":8},"end":{"line":52,"column":23}},"type":"if","locations":[{"start":{"line":51,"column":8},"end":{"line":52,"column":23}},{"start":{"line":51,"column":8},"end":{"line":52,"column":23}}],"line":51},"7":{"loc":{"start":{"line":51,"column":12},"end":{"line":51,"column":49}},"type":"binary-expr","locations":[{"start":{"line":51,"column":12},"end":{"line":51,"column":23}},{"start":{"line":51,"column":27},"end":{"line":51,"column":49}}],"line":51},"8":{"loc":{"start":{"line":54,"column":8},"end":{"line":58,"column":9}},"type":"if","locations":[{"start":{"line":54,"column":8},"end":{"line":58,"column":9}},{"start":{"line":54,"column":8},"end":{"line":58,"column":9}}],"line":54},"9":{"loc":{"start":{"line":60,"column":8},"end":{"line":66,"column":9}},"type":"if","locations":[{"start":{"line":60,"column":8},"end":{"line":66,"column":9}},{"start":{"line":60,"column":8},"end":{"line":66,"column":9}}],"line":60},"10":{"loc":{"start":{"line":68,"column":8},"end":{"line":77,"column":9}},"type":"if","locations":[{"start":{"line":68,"column":8},"end":{"line":77,"column":9}},{"start":{"line":68,"column":8},"end":{"line":77,"column":9}}],"line":68},"11":{"loc":{"start":{"line":71,"column":16},"end":{"line":72,"column":29}},"type":"if","locations":[{"start":{"line":71,"column":16},"end":{"line":72,"column":29}},{"start":{"line":71,"column":16},"end":{"line":72,"column":29}}],"line":71},"12":{"loc":{"start":{"line":71,"column":20},"end":{"line":71,"column":44}},"type":"binary-expr","locations":[{"start":{"line":71,"column":20},"end":{"line":71,"column":27}},{"start":{"line":71,"column":31},"end":{"line":71,"column":44}}],"line":71},"13":{"loc":{"start":{"line":73,"column":16},"end":{"line":74,"column":65}},"type":"if","locations":[{"start":{"line":73,"column":16},"end":{"line":74,"column":65}},{"start":{"line":73,"column":16},"end":{"line":74,"column":65}}],"line":73},"14":{"loc":{"start":{"line":106,"column":72},"end":{"line":106,"column":78}},"type":"binary-expr","locations":[{"start":{"line":106,"column":72},"end":{"line":106,"column":73}},{"start":{"line":106,"column":77},"end":{"line":106,"column":78}}],"line":106},"15":{"loc":{"start":{"line":114,"column":8},"end":{"line":126,"column":9}},"type":"if","locations":[{"start":{"line":114,"column":8},"end":{"line":126,"column":9}},{"start":{"line":114,"column":8},"end":{"line":126,"column":9}}],"line":114},"16":{"loc":{"start":{"line":114,"column":12},"end":{"line":114,"column":76}},"type":"binary-expr","locations":[{"start":{"line":114,"column":12},"end":{"line":114,"column":34}},{"start":{"line":114,"column":38},"end":{"line":114,"column":76}}],"line":114},"17":{"loc":{"start":{"line":120,"column":16},"end":{"line":122,"column":17}},"type":"if","locations":[{"start":{"line":120,"column":16},"end":{"line":122,"column":17}},{"start":{"line":120,"column":16},"end":{"line":122,"column":17}}],"line":120}},"s":{"0":1,"1":0,"2":0,"3":1,"4":0,"5":1,"6":0,"7":0,"8":1,"9":0,"10":0,"11":0,"12":0,"13":0,"14":0,"15":0,"16":0,"17":0,"18":0,"19":0,"20":0,"21":0,"22":0,"23":0,"24":1,"25":0,"26":0,"27":0,"28":0,"29":0,"30":0,"31":0,"32":0,"33":0,"34":0,"35":0,"36":0,"37":0,"38":0,"39":0,"40":0,"41":0,"42":0,"43":0,"44":0,"45":0,"46":0,"47":0,"48":0,"49":0,"50":0,"51":0,"52":0,"53":0,"54":1,"55":0,"56":0,"57":0,"58":0,"59":0,"60":0,"61":0,"62":0,"63":0,"64":0,"65":0,"66":0,"67":0,"68":0,"69":0,"70":0,"71":0,"72":0,"73":0,"74":0,"75":0,"76":0,"77":0,"78":1},"f":{"0":0,"1":0,"2":0,"3":0,"4":0,"5":0,"6":0,"7":0,"8":0,"9":0,"10":0,"11":0,"12":0,"13":0,"14":0,"15":0,"16":0},"b":{"0":[0,0],"1":[0,0],"2":[0,0],"3":[0,0],"4":[0,0],"5":[0,0],"6":[0,0],"7":[0,0],"8":[0,0],"9":[0,0],"10":[0,0],"11":[0,0],"12":[0,0],"13":[0,0],"14":[0,0],"15":[0,0],"16":[0,0],"17":[0,0]},"_coverageSchema":"43e27e138ebf9cfc5966b082cf9a028302ed4184","hash":"5e0b32a910950b35ddbe15927eef5e9139fe06ef","contentHash":"b68605cec6570433c6e4189c8bc48f248ac18ab7147eb95d32f5a46b43606279"},"/Users/javier/Documents/Develop/naenie/src/walkers/runtime.instrument.walker.ts":{"path":"/Users/javier/Documents/Develop/naenie/src/walkers/runtime.instrument.walker.ts","statementMap":{"0":{"start":{"line":2,"column":17},"end":{"line":7,"column":1}},"1":{"start":{"line":3,"column":12},"end":{"line":3,"column":28}},"2":{"start":{"line":3,"column":34},"end":{"line":3,"column":125}},"3":{"start":{"line":4,"column":4},"end":{"line":5,"column":150}},"4":{"start":{"line":4,"column":79},"end":{"line":4,"column":131}},"5":{"start":{"line":5,"column":9},"end":{"line":5,"column":150}},"6":{"start":{"line":5,"column":22},"end":{"line":5,"column":43}},"7":{"start":{"line":5,"column":58},"end":{"line":5,"column":150}},"8":{"start":{"line":5,"column":81},"end":{"line":5,"column":150}},"9":{"start":{"line":6,"column":4},"end":{"line":6,"column":66}},"10":{"start":{"line":8,"column":17},"end":{"line":10,"column":1}},"11":{"start":{"line":9,"column":4},"end":{"line":9,"column":109}},"12":{"start":{"line":9,"column":79},"end":{"line":9,"column":109}},"13":{"start":{"line":11,"column":0},"end":{"line":11,"column":62}},"14":{"start":{"line":12,"column":16},"end":{"line":12,"column":39}},"15":{"start":{"line":14,"column":20},"end":{"line":14,"column":40}},"16":{"start":{"line":15,"column":25},"end":{"line":15,"column":52}},"17":{"start":{"line":16,"column":17},"end":{"line":16,"column":43}},"18":{"start":{"line":20,"column":30},"end":{"line":134,"column":1}},"19":{"start":{"line":22,"column":8},"end":{"line":22,"column":28}},"20":{"start":{"line":23,"column":8},"end":{"line":23,"column":26}},"21":{"start":{"line":24,"column":8},"end":{"line":24,"column":29}},"22":{"start":{"line":25,"column":8},"end":{"line":25,"column":31}},"23":{"start":{"line":28,"column":8},"end":{"line":28,"column":39}},"24":{"start":{"line":31,"column":8},"end":{"line":31,"column":32}},"25":{"start":{"line":34,"column":8},"end":{"line":35,"column":23}},"26":{"start":{"line":35,"column":12},"end":{"line":35,"column":23}},"27":{"start":{"line":36,"column":8},"end":{"line":36,"column":31}},"28":{"start":{"line":37,"column":8},"end":{"line":69,"column":9}},"29":{"start":{"line":38,"column":24},"end":{"line":38,"column":30}},"30":{"start":{"line":39,"column":26},"end":{"line":39,"column":30}},"31":{"start":{"line":40,"column":12},"end":{"line":43,"column":13}},"32":{"start":{"line":41,"column":16},"end":{"line":41,"column":32}},"33":{"start":{"line":42,"column":16},"end":{"line":42,"column":32}},"34":{"start":{"line":44,"column":12},"end":{"line":68,"column":13}},"35":{"start":{"line":44,"column":25},"end":{"line":44,"column":26}},"36":{"start":{"line":45,"column":29},"end":{"line":45,"column":37}},"37":{"start":{"line":46,"column":16},"end":{"line":67,"column":17}},"38":{"start":{"line":47,"column":20},"end":{"line":66,"column":21}},"39":{"start":{"line":48,"column":38},"end":{"line":48,"column":63}},"40":{"start":{"line":49,"column":37},"end":{"line":49,"column":55}},"41":{"start":{"line":50,"column":44},"end":{"line":50,"column":77}},"42":{"start":{"line":51,"column":24},"end":{"line":65,"column":25}},"43":{"start":{"line":53,"column":28},"end":{"line":58,"column":30}},"44":{"start":{"line":59,"column":28},"end":{"line":64,"column":29}},"45":{"start":{"line":60,"column":32},"end":{"line":60,"column":56}},"46":{"start":{"line":63,"column":32},"end":{"line":63,"column":53}},"47":{"start":{"line":70,"column":8},"end":{"line":70,"column":19}},"48":{"start":{"line":73,"column":8},"end":{"line":74,"column":29}},"49":{"start":{"line":74,"column":12},"end":{"line":74,"column":29}},"50":{"start":{"line":75,"column":8},"end":{"line":75,"column":141}},"51":{"start":{"line":78,"column":8},"end":{"line":79,"column":23}},"52":{"start":{"line":79,"column":12},"end":{"line":79,"column":23}},"53":{"start":{"line":80,"column":8},"end":{"line":80,"column":15}},"54":{"start":{"line":83,"column":8},"end":{"line":114,"column":9}},"55":{"start":{"line":88,"column":16},"end":{"line":88,"column":153}},"56":{"start":{"line":91,"column":28},"end":{"line":91,"column":31}},"57":{"start":{"line":92,"column":29},"end":{"line":92,"column":115}},"58":{"start":{"line":93,"column":16},"end":{"line":93,"column":416}},"59":{"start":{"line":97,"column":16},"end":{"line":97,"column":28}},"60":{"start":{"line":99,"column":16},"end":{"line":99,"column":79}},"61":{"start":{"line":117,"column":8},"end":{"line":117,"column":33}},"62":{"start":{"line":120,"column":8},"end":{"line":120,"column":38}},"63":{"start":{"line":123,"column":19},"end":{"line":123,"column":56}},"64":{"start":{"line":124,"column":22},"end":{"line":124,"column":36}},"65":{"start":{"line":125,"column":8},"end":{"line":132,"column":10}},"66":{"start":{"line":135,"column":0},"end":{"line":135,"column":39}},"67":{"start":{"line":136,"column":0},"end":{"line":139,"column":56}},"68":{"start":{"line":140,"column":0},"end":{"line":142,"column":28}},"69":{"start":{"line":143,"column":0},"end":{"line":143,"column":42}}},"fnMap":{"0":{"name":"(anonymous_0)","decl":{"start":{"line":2,"column":46},"end":{"line":2,"column":47}},"loc":{"start":{"line":2,"column":87},"end":{"line":7,"column":1}},"line":2},"1":{"name":"(anonymous_1)","decl":{"start":{"line":8,"column":46},"end":{"line":8,"column":47}},"loc":{"start":{"line":8,"column":62},"end":{"line":10,"column":1}},"line":8},"2":{"name":"(anonymous_2)","decl":{"start":{"line":21,"column":4},"end":{"line":21,"column":5}},"loc":{"start":{"line":21,"column":18},"end":{"line":26,"column":5}},"line":21},"3":{"name":"(anonymous_3)","decl":{"start":{"line":27,"column":4},"end":{"line":27,"column":5}},"loc":{"start":{"line":27,"column":14},"end":{"line":29,"column":5}},"line":27},"4":{"name":"(anonymous_4)","decl":{"start":{"line":30,"column":4},"end":{"line":30,"column":5}},"loc":{"start":{"line":30,"column":16},"end":{"line":32,"column":5}},"line":30},"5":{"name":"(anonymous_5)","decl":{"start":{"line":33,"column":4},"end":{"line":33,"column":5}},"loc":{"start":{"line":33,"column":25},"end":{"line":71,"column":5}},"line":33},"6":{"name":"(anonymous_6)","decl":{"start":{"line":72,"column":4},"end":{"line":72,"column":5}},"loc":{"start":{"line":72,"column":18},"end":{"line":76,"column":5}},"line":72},"7":{"name":"(anonymous_
[...]
:1,"94":1,"95":1,"96":1,"97":1},"f":{"0":4,"1":4,"2":1,"3":0,"4":0,"5":0,"6":0,"7":0,"8":0},"b":{"0":[1,1,1],"1":[1,3],"2":[0,3],"3":[4,0],"4":[4,4],"5":[0,0],"6":[0,0],"7":[0,0],"8":[0,0],"9":[4,3,0],"10":[1,1,1],"11":[4,0],"12":[4,4],"13":[0,0],"14":[0],"15":[0,0],"16":[0,0],"17":[0,0,0,0],"18":[0,0],"19":[0,0],"20":[0,0],"21":[0,0],"22":[0,0],"23":[0,0],"24":[0,0],"25":[0,0],"26":[0,0],"27":[0,0],"28":[0,0]},"_coverageSchema":"43e27e138ebf9cfc5966b082cf9a028302ed4184","hash":"0d9c8c228d1c0cf954802302b1452cef4c31f41a","contentHash":"b5f64549d8070ed5282b9a75d1af6d9b661f5d444dc1c89cc3b86ac5cc814a14"},"/Users/javier/Documents/Develop/naenie/src/utils/generator.ts":{"path":"/Users/javier/Documents/Develop/naenie/src/utils/generator.ts","statementMap":{"0":{"start":{"line":2,"column":0},"end":{"line":2,"column":62}},"1":{"start":{"line":4,"column":4},"end":{"line":4,"column":61}},"2":{"start":{"line":7,"column":16},"end":{"line":7,"column":41}},"3":{"start":{"line":8,"column":16},"end":{"line":8,"column":121}},"4":{"start":{"line":9,"column":16},"end":{"line":9,"column":214}},"5":{"start":{"line":10,"column":14},"end":{"line":10,"column":16}},"6":{"start":{"line":12,"column":4},"end":{"line":34,"column":5}},"7":{"start":{"line":12,"column":17},"end":{"line":12,"column":18}},"8":{"start":{"line":13,"column":19},"end":{"line":13,"column":38}},"9":{"start":{"line":15,"column":8},"end":{"line":16,"column":21}},"10":{"start":{"line":16,"column":12},"end":{"line":16,"column":21}},"11":{"start":{"line":17,"column":8},"end":{"line":18,"column":21}},"12":{"start":{"line":18,"column":12},"end":{"line":18,"column":21}},"13":{"start":{"line":19,"column":8},"end":{"line":20,"column":21}},"14":{"start":{"line":20,"column":12},"end":{"line":20,"column":21}},"15":{"start":{"line":22,"column":8},"end":{"line":33,"column":9}},"16":{"start":{"line":23,"column":12},"end":{"line":23,"column":60}},"17":{"start":{"line":24,"column":12},"end":{"line":24,"column":21}},"18":{"start":{"line":26,"column":13},"end":{"line":33,"column":9}},"19":{"start":{"line":27,"column":12},"end":{"line":27,"column":60}},"20":{"start":{"line":28,"column":12},"end":{"line":28,"column":21}},"21":{"start":{"line":31,"column":12},"end":{"line":31,"column":60}},"22":{"start":{"line":32,"column":12},"end":{"line":32,"column":21}},"23":{"start":{"line":35,"column":4},"end":{"line":35,"column":53}},"24":{"start":{"line":36,"column":4},"end":{"line":36,"column":15}},"25":{"start":{"line":42,"column":4},"end":{"line":42,"column":38}},"26":{"start":{"line":44,"column":0},"end":{"line":44,"column":48}}},"fnMap":{"0":{"name":"getRandomInt","decl":{"start":{"line":3,"column":9},"end":{"line":3,"column":21}},"loc":{"start":{"line":3,"column":32},"end":{"line":5,"column":1}},"line":3},"1":{"name":"get_password_word","decl":{"start":{"line":6,"column":9},"end":{"line":6,"column":26}},"loc":{"start":{"line":6,"column":30},"end":{"line":37,"column":1}},"line":6},"2":{"name":"generateRandomWASMWrapperName","decl":{"start":{"line":38,"column":9},"end":{"line":38,"column":38}},"loc":{"start":{"line":38,"column":42},"end":{"line":43,"column":1}},"line":38}},"branchMap":{"0":{"loc":{"start":{"line":15,"column":8},"end":{"line":16,"column":21}},"type":"if","locations":[{"start":{"line":15,"column":8},"end":{"line":16,"column":21}},{"start":{"line":15,"column":8},"end":{"line":16,"column":21}}],"line":15},"1":{"loc":{"start":{"line":17,"column":8},"end":{"line":18,"column":21}},"type":"if","locations":[{"start":{"line":17,"column":8},"end":{"line":18,"column":21}},{"start":{"line":17,"column":8},"end":{"line":18,"column":21}}],"line":17},"2":{"loc":{"start":{"line":19,"column":8},"end":{"line":20,"column":21}},"type":"if","locations":[{"start":{"line":19,"column":8},"end":{"line":20,"column":21}},{"start":{"line":19,"column":8},"end":{"line":20,"column":21}}],"line":19},"3":{"loc":{"start":{"line":19,"column":12},"end":{"line":19,"column":48}},"type":"binary-expr","locations":[{"start":{"line":19,"column":12},"end":{"line":19,"column":21}},{"start":{"line":19,"column":25},"end":{"line":19,"column":48}}],"line":19},"4":{"loc":{"start":{"line":22,"column":8},"end":{"line":33,"column":9}},"type":"if","locations":[{"start":{"line":22,"column":8},"end":{"line":33,"column":9}},{"start":{"line":22,"column":8},"end":{"line":33,"column":9}}],"line":22},"5":{"loc":{"start":{"line":26,"column":13},"end":{"line":33,"column":9}},"type":"if","locations":[{"start":{"line":26,"column":13},"end":{"line":33,"column":9}},{"start":{"line":26,"column":13},"end":{"line":33,"column":9}}],"line":26},"6":{"loc":{"start":{"line":42,"column":29},"end":{"line":42,"column":36}},"type":"binary-expr","locations":[{"start":{"line":42,"column":29},"end":{"line":42,"column":30}},{"start":{"line":42,"column":34},"end":{"line":42,"column":36}}],"line":42}},"s":{"0":1,"1":0,"2":0,"3":0,"4":0,"5":0,"6":0,"7":0,"8":0,"9":0,"10":0,"11":0,"12":0,"13":0,"14":0,"15":0,"16":0,"17":0,"18":0,"19":0,"20":0,"21":0,"22":0,"23":0,"24":0,"25":0,"26":1},"f":{"0":0,"1":0,"2":0},"b":{"0":[0,0],"1":[0,0],"2":[0,0],"3":[0,0],"4":[0,0],"5":[0,0],"6":[0,0]},"_coverageSchema":"43e27e138ebf9cfc5966b082cf9a028302ed4184","hash":"f26d76453adcd8740ec0ee3c3f01bded86c43d48","contentHash":"0ce508790e19900c85be2a35dfc1aef9c7de935673bfcb3dfda9485dd64ab546"},"/Users/javier/Documents/Develop/naenie/src/core/wabt.tools.ts":{"path":"/Users/javier/Documents/Develop/naenie/src/core/wabt.tools.ts","statementMap":{"0":{"start":{"line":2,"column":17},"end":{"line":7,"column":1}},"1":{"start":{"line":3,"column":12},"end":{"line":3,"column":28}},"2":{"start":{"line":3,"column":34},"end":{"line":3,"column":125}},"3":{"start":{"line":4,"column":4},"end":{"line":5,"column":150}},"4":{"start":{"line":4,"column":79},"end":{"line":4,"column":131}},"5":{"start":{"line":5,"column":9},"end":{"line":5,"column":150}},"6":{"start":{"line":5,"column":22},"end":{"line":5,"column":43}},"7":{"start":{"line":5,"column":58},"end":{"line":5,"column":150}},"8":{"start":{"line":5,"column":81},"end":{"line":5,"column":150}},"9":{"start":{"line":6,"column":4},"end":{"line":6,"column":66}},"10":{"start":{"line":8,"column":17},"end":{"line":10,"column":1}},"11":{"start":{"line":9,"column":4},"end":{"line":9,"column":109}},"12":{"start":{"line":9,"column":79},"end":{"line":9,"column":109}},"13":{"start":{"line":11,"column":0},"end":{"line":11,"column":62}},"14":{"start":{"line":12,"column":20},"end":{"line":12,"column":40}},"15":{"start":{"line":13,"column":11},"end":{"line":13,"column":40}},"16":{"start":{"line":14,"column":12},"end":{"line":14,"column":42}},"17":{"start":{"line":15,"column":16},"end":{"line":34,"column":1}},"18":{"start":{"line":17,"column":21},"end":{"line":17,"column":25}},"19":{"start":{"line":18,"column":8},"end":{"line":23,"column":11}},"20":{"start":{"line":21,"column":12},"end":{"line":22,"column":42}},"21":{"start":{"line":22,"column":16},"end":{"line":22,"column":42}},"22":{"start":{"line":26,"column":21},"end":{"line":26,"column":25}},"23":{"start":{"line":27,"column":8},"end":{"line":32,"column":11}},"24":{"start":{"line":30,"column":12},"end":{"line":31,"column":42}},"25":{"start":{"line":31,"column":16},"end":{"line":31,"column":42}},"26":{"start":{"line":35,"column":0},"end":{"line":38,"column":42}},"27":{"start":{"line":39,"column":0},"end":{"line":41,"column":14}},"28":{"start":{"line":42,"column":0},"end":{"line":42,"column":28}}},"fnMap":{"0":{"name":"(anonymous_0)","decl":{"start":{"line":2,"column":46},"end":{"line":2,"column":47}},"loc":{"start":{"line":2,"column":87},"end":{"line":7,"column":1}},"line":2},"1":{"name":"(anonymous_1)","decl":{"start":{"line":8,"column":46},"end":{"line":8,"column":47}},"loc":{"start":{"line":8,"column":62},"end":{"line":10,"column":1}},"line":8},"2":{"name":"(anonymous_2)","decl":{"start":{"line":16,"column":4},"end":{"line":16,"column":5}},"loc":{"start":{"line":16,"column":32},"end":{"line":24,"column":5}},"line":16},"3":{"name":"callback","decl":{"start":{"line":18,"column":65},"end":{"line":18,"column":73}},"loc":{"start":{"line":18,"column":97},"end":{"line":23,"column":9}},"line":18},"4":{"name":"(anonymous_4)","decl":{"start":{"line":25,"column":4},"end":{"line":25,"column":5}},"loc":{"start":{"line":25,"column":23},"end":{"line":33,"column":5}},"line":25},"5":{"name":"callback","decl":{"start":{"line":27,"column":54},"end":{"line":27,"column":62}},"loc":{"start":{"line":27,"column":86},"end":{"line":32,"column":9}},"line":27}},"branchMap":{"0":{"loc":{"start":{"line":2,"column":17},"end":{"line":7,"column":1}},"type":"binary-expr","locations":[{"start":{"line":2,"column":18},"end":{"line":2,"column":22}},{"start":{"line":2,"column":26},"end":{"line":2,"column":41}},{"start":{"line":2,"column":46},"end":{"line":7,"column":1}}],"line":2},"1":{"loc":{"start":{"line":3,"column":34},"end":{"line":3,"column":125}},"type":"cond-expr","locations":[{"start":{"line":3,"column":42},"end":{"line":3,"column":48}},{"start":{"line":3,"column":51},"end":{"line":3,"column":125}}],"line":3},"2":{"loc":{"start":{"line":3,"column":51},"end":{"line":3,"column":125}},"type":"cond-expr","locations":[{"start":{"line":3,"column":67},"end":{"line":3,"column":118}},{"start":{"line":3,"column":121},"end":{"line":3,"column":125}}],"line":3},"3":{"loc":{"start":{"line":4,"column":4},"end":{"line":5,"column":150}},"type":"if","locations":[{"start":{"line":4,"column":4},"end":{"line":5,"column":150}},{"start":{"line":4,"column":4},"end":{"line":5,"column":150}}],"line":4},"4":{"loc":{"start":{"line":4,"column":8},"end":{"line":4,"column":77}},"type":"binary-expr","locations":[{"start":{"line":4,"column":8},"end":{"line":4,"column":35}},{"start":{"line":4,"column":39},"end":{"line":4,"column":77}}],"line":4},"5":{"loc":{"start":{"line":5,"column":58},"end":{"line":5,"column":150}},"type":"if","locations":[{"start":{"line":5,"column":58},"end":{"line":5,"column":150}},{"start":{"line":5,"column":58},"end":{"line":5,"column":150}}],"line":5},"6":{"loc":{"start":{"line":5,"column":85},"end":{"line":5,"column":149}},"type":"binary-expr","locations":[{"start":{"line":5,"column":86},"end":{"line":5,"column":143}},{"start":{"line":5,"column":148},"end":{"line":5,"column":149}}],"line":5},"7":{"loc":{"start":{"line":5,"column":86},"end":{"line":5,"column":143}},"type":"cond-expr","locations":[{"start":{"line":5,"column":94},"end":{"line":5,"column":98}},{"start":{"line":5,"column":101},"end":{"line":5,"column":143}}],"line":5},"8":{"loc":{"start":{"line":5,"column":101},"end":{"line":5,"column":143}},"type":"cond-expr","locations":[{"start":{"line":5,"column":109},"end":{"line":5,"column":126}},{"start":{"line":5,"column":129},"end":{"line":5,"column":143}}],"line":5},"9":{"loc":{"start":{"line":6,"column":11},"end":{"line":6,"column":62}},"type":"binary-expr","locations":[{"start":{"line":6,"column":11},"end":{"line":6,"column":16}},{"start":{"line":6,"column":20},"end":{"line":6,"column":21}},{"start":{"line":6,"column":25},"end":{"line":6,"column":62}}],"line":6},"10":{"loc":{"start":{"line":8,"column":17},"end":{"line":10,"column":1}},"type":"binary-expr","locations":[{"start":{"line":8,"column":18},"end":{"line":8,"column":22}},{"start":{"line":8,"column":26},"end":{"line":8,"column":41}},{"start":{"line":8,"column":46},"end":{"line":10,"column":1}}],"line":8},"11":{"loc":{"start":{"line":9,"column":4},"end":{"line":9,"column":109}},"type":"if","locations":[{"start":{"line":9,"column":4},"end":{"line":9,"column":109}},{"start":{"line":9,"column":4},"end":{"line":9,"column":109}}],"line":9},"12":{"loc":{"start":{"line":9,"column":8},"end":{"line":9,"column":77}},"type":"binary-expr","locations":[{"start":{"line":9,"column":8},"end":{"line":9,"column":35}},{"start":{"line":9,"column":39},"end":{"line":9,"column":77}}],"line":9},"13":{"loc":{"start":{"line":21,"column":12},"end":{"line":22,"column":42}},"type":"if","locations":[{"start":{"line":21,"column":12},"end":{"line":22,"column":42}},{"start":{"line":21,"column":12},"end":{"line":22,"column":42}}],"line":21},"14":{"loc":{"start":{"line":30,"column":12},"end":{"line":31,"column":42}},"type":"if","locations":[{"start":{"line":30,"column":12},"end":{"line":31,"column":42}},{"start":{"line":30,"column":12},"end":{"line":31,"column":42}}],"line":30}},"s":{"0":1,"1":2,"2":2,"3":2,"4":2,"5":0,"6":0,"7":0,"8":0,"9":2,"10":1,"11":1,"12":1,"13":1,"14":1,"15":1,"16":1,"17":1,"18":0,"19":0,"20":0,"21":0,"22":0,"23":0,"24":0,"25":0,"26":1,"27":1,"28":1},"f":{"0":2,"1":1,"2":0,"3":0,"4":0,"5":0},"b":{"0":[1,1,1],"1":[1,1],"2":[0,1],"3":[2,0],"4":[2,2],"5":[0,0],"6":[0,0],"7":[0,0],"8":[0,0],"9":[2,1,0],"10":[1,1,1],"11":[1,0],"12":[1,1],"13":[0,0],"14":[0,0]},"_coverageSchema":"43e27e138ebf9cfc5966b082cf9a028302ed4184","hash":"4dc042fc454da38827a2b9952d724068feaad8d7","contentHash":"c2382fe80dacf4e6fdd1668b9465ef2daf2a885b22f5a2f777e5bb6be1ed04d6"},"/Users/javier/Documents/Develop/naenie/src/core/config.ts":{"path":"/Users/javier/Documents/Develop/naenie/src/core/config.ts","statementMap":{"0":{"start":{"line":2,"column":0},"end":{"line":2,"column":62}},"1":{"start":{"line":3,"column":0},"end":{"line":15,"column":2}}},"fnMap":{},"branchMap":{},"s":{"0":1,"1":1},"f":{},"b":{},"_coverageSchema":"43e27e138ebf9cfc5966b082cf9a028302ed4184","hash":"e9e8ae95819bc6aeaf7891216aee9552ab894078","contentHash":"017c5925b789b0731c6f6067c2c24c8fa6b7a30541e66eca3c8e5897ab583236"},"/Users/javier/Documents/Develop/naenie/src/core/sandboxes/browser.sandbox.ts":{"path":"/Users/javier/Documents/Develop/naenie/src/core/sandboxes/browser.sandbox.ts","statementMap":{"0":{"start":{"line":2,"column":17},"end":{"line":7,"column":1}},"1":{"start":{"line":3,"column":12},"end":{"line":3,"column":28}},"2":{"start":{"line":3,"column":34},"end":{"line":3,"column":125}},"3":{"start":{"line":4,"column":4},"end":{"line":5,"column":150}},"4":{"start":{"line":4,"column":79},"end":{"line":4,"column":131}},"5":{"start":{"line":5,"column":9},"end":{"line":5,"column":150}},"6":{"start":{"line":5,"column":22},"end":{"line":5,"column":43}},"7":{"start":{"line":5,"column":58},"end":{"line":5,"column":150}},"8":{"start":{"line":5,"column":81},"end":{"line":5,"column":150}},"9":{"start":{"line":6,"column":4},"end":{"line":6,"column":66}},"10":{"start":{"line":8,"column":17},"end":{"line":10,"column":1}},"11":{"start":{"line":9,"column":4},"end":{"line":9,"column":109}},"12":{"start":{"line":9,"column":79},"end":{"line":9,"column":109}},"13":{"start":{"line":11,"column":0},"end":{"line":11,"column":62}},"14":{"start":{"line":12,"column":20},"end":{"line":12,"column":40}},"15":{"start":{"line":13,"column":27},"end":{"line":13,"column":57}},"16":{"start":{"line":14,"column":11},"end":{"line":14,"column":24}},"17":{"start":{"line":15,"column":19},"end":{"line":15,"column":38}},"18":{"start":{"line":16,"column":21},"end":{"line":87,"column":1}},"19":{"start":{"line":18,"column":21},"end":{"line":24,"column":9}},"20":{"start":{"line":25,"column":25},"end":{"line":53,"column":20}},"21":{"start":{"line":54,"column":8},"end":{"line":54,"column":63}},"22":{"start":{"line":55,"column":22},"end":{"line":83,"column":16}},"23":{"start":{"line":84,"column":8},"end":{"line":84,"column":60}},"24":{"start":{"line":85,"column":8},"end":{"line":85,"column":69}},"25":{"start":{"line":88,"column":0},"end":{"line":91,"column":48}},"26":{"start":{"line":92,"column":0},"end":{"line":95,"column":51}},"27":{"start":{"line":96,"column":0},"end":{"line":98,"column":19}},"28":{"start":{"line":99,"column":0},"end":{"line":99,"column":33}}},"fnMap":{"0":{"name":"(anonymous_0)","decl":{"start":{"line":2,"column":46},"end":{"line":2,"column":47}},"loc":{"start":{"line":2,"column":87},"end":{"line":7,"column":1}},"line":2},"1":{"name":"(anonymous_1)","decl":{"start":{"line":8,"column":46},"end":{"line":8,"column":47}},"loc":{"start":{"line":8,"column":62},"end":{"line":10,"column":1}},"line":8},"2":{"name":"(anonymous_2)","decl":{"start":{"line":17,"column":4},"end":{"line":17,"column":5}},"loc":{"start":{"line":17,"column":47},"end":{"line":86,"column":5}},"line":17}},"branchMap":{"0":{"loc":{"start":{"line":2,"column":17},"end":{"line":7,"column":1}},"type":"binary-expr","locations":[{"start":{"line":2,"column":18},"end":{"line":2,"column":22}},{"start":{"line":2,"column":26},"end":{"line":2,"column":41}},{"start":{"line":2,"column":46},"end":{"line":7,"column":1}}],"line":2},"1":{"loc":{"start":{"line":3,"column":34},"end":{"line":3,"column":125}},"type":"cond-expr","locations":[{"start":{"line":3,"column":42},"end":{"line":3,"column":48}},{"start":{"line":3,"column":51},"end":{"line":3,"column":125}}],"line":3},"2":{"loc":{"start":{"line":3,"column":51},"end":{"line":3,"column":125}},"type":"cond-expr","locations":[{"start":{"line":3,"column":67},"end":{"line":3,"column":118}},{"start":{"line":3,"column":121},"end":{"line":3,"column":125}}],"line":3},"3":{"loc":{"start":{"line":4,"column":4},"end":{"line":5,"column":150}},"type":"if","locations":[{"start":{"line":4,"column":4},"end":{"line":5,"column":150}},{"start":{"line":4,"column":4},"end":{"line":5,"column":150}}],"line":4},"4":{"loc":{"start":{"line":4,"column":8},"end":{"line":4,"column":77}},"type":"binary-expr","locations":[{"start":{"line":4,"column":8},"end":{"line":4,"column":35}},{"start":{"line":4,"column":39},"end":{"line":4,"column":77}}],"line":4},"5":{"loc":{"start":{"line":5,"column":58},"end":{"line":5,"column":150}},"type":"if","locations":[{"start":{"line":5,"column":58},"end":{"line":5,"column":150}},{"start":{"line":5,"column":58},"end":{"line":5,"column":150}}],"line":5},"6":{"loc":{"start":{"line":5,"column":85},"end":{"line":5,"column":149}},"type":"binary-expr","locations":[{"start":{"line":5,"column":86},"end":{"line":5,"column":143}},{"start":{"line":5,"column":148},"end":{"line":5,"column":149}}],"line":5},"7":{"loc":{"start":{"line":5,"column":86},"end":{"line":5,"column":143}},"type":"cond-expr","locations":[{"start":{"line":5,"column":94},"end":{"line":5,"column":98}},{"start":{"line":5,"column":101},"end":{"line":5,"column":143}}],"line":5},"8":{"loc":{"start":{"line":5,"column":101},"end":{"line":5,"column":143}},"type":"cond-expr","locations":[{"start":{"line":5,"column":109},"end":{"line":5,"column":126}},{"start":{"line":5,"column":129},"end":{"line":5,"column":143}}],"line":5},"9":{"loc":{"start":{"line":6,"column":11},"end":{"line":6,"column":62}},"type":"binary-expr","locations":[{"start":{"line":6,"column":11},"end":{"line":6,"column":16}},{"start":{"line":6,"column":20},"end":{"line":6,"column":21}},{"start":{"line":6,"column":25},"end":{"line":6,"column":62}}],"line":6},"10":{"loc":{"start":{"line":8,"column":17},"end":{"line":10,"column":1}},"type":"binary-expr","locations":[{"start":{"line":8,"column":18},"end":{"line":8,"column":22}},{"start":{"line":8,"column":26},"end":{"line":8,"column":41}},{"start":{"line":8,"column":46},"end":{"line":10,"column":1}}],"line":8},"11":{"loc":{"start":{"line":9,"column":4},"end":{"line":9,"column":109}},"type":"if","locations":[{"start":{"line":9,"column":4},"end":{"line":9,"column":109}},{"start":{"line":9,"column":4},"end":{"line":9,"column":109}}],"line":9},"12":{"loc":{"start":{"line":9,"column":8},"end":{"line":9,"column":77}},"type":"binary-expr","locations":[{"start":{"line":9,"column":8},"end":{"line":9,"column":35}},{"start":{"line":9,"column":39},"end":{"line":9,"column":77}}],"line":9}},"s":{"0":1,"1":3,"2":3,"3":3,"4":3,"5":0,"6":0,"7":0,"8":0,"9":3,"10":1,"11":2,"12":2,"13":1,"14":1,"15":1,"16":1,"17":1,"18":1,"19":0,"20":0,"21":0,"22":0,"23":0,"24":0,"25":1,"26":1,"27":1,"28":1},"f":{"0":3,"1":2,"2":0},"b":{"0":[1,1,1],"1":[1,2],"2":[0,2],"3":[3,0],"4":[3,3],"5":[0,0],"6":[0,0],"7":[0,0],"8":[0,0],"9":[3,2,0],"10":[1,1,1],"11":[2,0],"12":[2,2]},"_coverageSchema":"43e27e138ebf9cfc5966b082cf9a028302ed4184","hash":"83abbd03f40dc75542a05f46bb37b52995ab0c7e","contentHash":"da30c13224ba90721499a12f276a98954e80e5beef837fc993661c814a22941a"}}